{"/Users/mahmoudmetwalli/Documents/mahmoud/gateway/backend/src/app.ts": {"path":"/Users/mahmoudmetwalli/Documents/mahmoud/gateway/backend/src/app.ts","statementMap":{"0":{"start":{"line":1,"column":0},"end":{"line":1,"column":30}},"1":{"start":{"line":2,"column":0},"end":{"line":2,"column":24}},"2":{"start":{"line":4,"column":0},"end":{"line":4,"column":28}},"3":{"start":{"line":5,"column":0},"end":{"line":5,"column":43}},"4":{"start":{"line":6,"column":0},"end":{"line":6,"column":47}},"5":{"start":{"line":9,"column":0},"end":{"line":9,"column":51}},"6":{"start":{"line":10,"column":0},"end":{"line":10,"column":53}},"7":{"start":{"line":11,"column":0},"end":{"line":11,"column":51}},"8":{"start":{"line":12,"column":0},"end":{"line":12,"column":59}},"9":{"start":{"line":14,"column":12},"end":{"line":14,"column":21}},"10":{"start":{"line":18,"column":0},"end":{"line":18,"column":16}},"11":{"start":{"line":19,"column":0},"end":{"line":19,"column":28}},"12":{"start":{"line":20,"column":0},"end":{"line":20,"column":24}},"13":{"start":{"line":21,"column":0},"end":{"line":21,"column":48}},"14":{"start":{"line":24,"column":0},"end":{"line":24,"column":68}},"15":{"start":{"line":27,"column":0},"end":{"line":29,"column":3}},"16":{"start":{"line":28,"column":2},"end":{"line":28,"column":24}},"17":{"start":{"line":32,"column":0},"end":{"line":44,"column":3}},"18":{"start":{"line":33,"column":2},"end":{"line":43,"column":5}},"19":{"start":{"line":47,"column":0},"end":{"line":47,"column":38}},"20":{"start":{"line":48,"column":0},"end":{"line":48,"column":40}},"21":{"start":{"line":49,"column":0},"end":{"line":49,"column":38}},"22":{"start":{"line":50,"column":0},"end":{"line":50,"column":47}},"23":{"start":{"line":53,"column":0},"end":{"line":55,"column":3}},"24":{"start":{"line":54,"column":2},"end":{"line":54,"column":53}},"25":{"start":{"line":57,"column":0},"end":{"line":57,"column":19}}},"fnMap":{"0":{"name":"(anonymous_1)","decl":{"start":{"line":27,"column":25},"end":{"line":27,"column":26}},"loc":{"start":{"line":27,"column":38},"end":{"line":29,"column":1}}},"1":{"name":"(anonymous_2)","decl":{"start":{"line":32,"column":13},"end":{"line":32,"column":14}},"loc":{"start":{"line":32,"column":26},"end":{"line":44,"column":1}}},"2":{"name":"(anonymous_3)","decl":{"start":{"line":53,"column":8},"end":{"line":53,"column":9}},"loc":{"start":{"line":53,"column":27},"end":{"line":55,"column":1}}}},"branchMap":{},"s":{"0":1,"1":1,"2":1,"3":1,"4":1,"5":1,"6":1,"7":1,"8":1,"9":1,"10":1,"11":1,"12":1,"13":1,"14":1,"15":1,"16":0,"17":1,"18":0,"19":1,"20":1,"21":1,"22":1,"23":1,"24":0,"25":1},"f":{"0":0,"1":0,"2":0},"b":{}}
,"/Users/mahmoudmetwalli/Documents/mahmoud/gateway/backend/src/config/database.ts": {"path":"/Users/mahmoudmetwalli/Documents/mahmoud/gateway/backend/src/config/database.ts","statementMap":{"0":{"start":{"line":1,"column":0},"end":{"line":1,"column":46}},"1":{"start":{"line":9,"column":0},"end":{"line":16,"column":1}},"2":{"start":{"line":10,"column":2},"end":{"line":10,"column":30}},"3":{"start":{"line":12,"column":2},"end":{"line":14,"column":3}},"4":{"start":{"line":13,"column":4},"end":{"line":13,"column":41}},"5":{"start":{"line":15,"column":2},"end":{"line":15,"column":27}},"6":{"start":{"line":21,"column":0},"end":{"line":23,"column":3}},"7":{"start":{"line":22,"column":2},"end":{"line":22,"column":29}}},"fnMap":{"0":{"name":"(anonymous_0)","decl":{"start":{"line":21,"column":25},"end":{"line":21,"column":30}},"loc":{"start":{"line":21,"column":36},"end":{"line":23,"column":1}}}},"branchMap":{"0":{"loc":{"start":{"line":9,"column":0},"end":{"line":16,"column":1}},"type":"if","locations":[{"start":{"line":9,"column":0},"end":{"line":16,"column":1}},{"start":{"line":11,"column":7},"end":{"line":16,"column":1}}]},"1":{"loc":{"start":{"line":12,"column":2},"end":{"line":14,"column":3}},"type":"if","locations":[{"start":{"line":12,"column":2},"end":{"line":14,"column":3}},{"start":{},"end":{}}]}},"s":{"0":3,"1":3,"2":0,"3":3,"4":1,"5":3,"6":3,"7":0},"f":{"0":0},"b":{"0":[0,3],"1":[1,2]}}
,"/Users/mahmoudmetwalli/Documents/mahmoud/gateway/backend/src/config/index.ts": {"path":"/Users/mahmoudmetwalli/Documents/mahmoud/gateway/backend/src/config/index.ts","statementMap":{"0":{"start":{"line":1,"column":0},"end":{"line":1,"column":27}},"1":{"start":{"line":2,"column":0},"end":{"line":2,"column":23}}},"fnMap":{},"branchMap":{},"s":{"0":3,"1":3},"f":{},"b":{}}
,"/Users/mahmoudmetwalli/Documents/mahmoud/gateway/backend/src/config/port.ts": {"path":"/Users/mahmoudmetwalli/Documents/mahmoud/gateway/backend/src/config/port.ts","statementMap":{"0":{"start":{"line":1,"column":0},"end":{"line":1,"column":32}},"1":{"start":{"line":3,"column":0},"end":{"line":3,"column":9}},"2":{"start":{"line":4,"column":13},"end":{"line":4,"column":45}}},"fnMap":{},"branchMap":{"0":{"loc":{"start":{"line":4,"column":20},"end":{"line":4,"column":44}},"type":"binary-expr","locations":[{"start":{"line":4,"column":20},"end":{"line":4,"column":36}},{"start":{"line":4,"column":40},"end":{"line":4,"column":44}}]}},"s":{"0":3,"1":3,"2":3},"f":{},"b":{"0":[3,0]}}
,"/Users/mahmoudmetwalli/Documents/mahmoud/gateway/backend/src/config/swagger.ts": {"path":"/Users/mahmoudmetwalli/Documents/mahmoud/gateway/backend/src/config/swagger.ts","statementMap":{"0":{"start":{"line":1,"column":0},"end":{"line":1,"column":41}},"1":{"start":{"line":3,"column":0},"end":{"line":3,"column":24}},"2":{"start":{"line":5,"column":45},"end":{"line":477,"column":2}},"3":{"start":{"line":479,"column":16},"end":{"line":485,"column":2}},"4":{"start":{"line":487,"column":13},"end":{"line":487,"column":49}}},"fnMap":{},"branchMap":{},"s":{"0":1,"1":1,"2":1,"3":1,"4":1},"f":{},"b":{}}
,"/Users/mahmoudmetwalli/Documents/mahmoud/gateway/backend/src/controllers/device.controller.ts": {"path":"/Users/mahmoudmetwalli/Documents/mahmoud/gateway/backend/src/controllers/device.controller.ts","statementMap":{"0":{"start":{"line":2,"column":0},"end":{"line":2,"column":64}},"1":{"start":{"line":4,"column":0},"end":{"line":4,"column":48}},"2":{"start":{"line":6,"column":28},"end":{"line":37,"column":1}},"3":{"start":{"line":7,"column":2},"end":{"line":36,"column":3}},"4":{"start":{"line":8,"column":50},"end":{"line":8,"column":58}},"5":{"start":{"line":11,"column":22},"end":{"line":11,"column":72}},"6":{"start":{"line":12,"column":4},"end":{"line":15,"column":5}},"7":{"start":{"line":13,"column":6},"end":{"line":13,"column":67}},"8":{"start":{"line":14,"column":6},"end":{"line":14,"column":13}},"9":{"start":{"line":18,"column":23},"end":{"line":30,"column":6}},"10":{"start":{"line":32,"column":22},"end":{"line":32,"column":63}},"11":{"start":{"line":33,"column":4},"end":{"line":33,"column":47}},"12":{"start":{"line":35,"column":4},"end":{"line":35,"column":16}},"13":{"start":{"line":6,"column":13},"end":{"line":6,"column":28}},"14":{"start":{"line":39,"column":27},"end":{"line":46,"column":1}},"15":{"start":{"line":40,"column":2},"end":{"line":45,"column":3}},"16":{"start":{"line":41,"column":20},"end":{"line":41,"column":50}},"17":{"start":{"line":42,"column":4},"end":{"line":42,"column":33}},"18":{"start":{"line":44,"column":4},"end":{"line":44,"column":16}},"19":{"start":{"line":39,"column":13},"end":{"line":39,"column":27}},"20":{"start":{"line":48,"column":29},"end":{"line":62,"column":1}},"21":{"start":{"line":49,"column":2},"end":{"line":61,"column":3}},"22":{"start":{"line":50,"column":19},"end":{"line":50,"column":29}},"23":{"start":{"line":51,"column":19},"end":{"line":51,"column":54}},"24":{"start":{"line":53,"column":4},"end":{"line":56,"column":5}},"25":{"start":{"line":54,"column":6},"end":{"line":54,"column":58}},"26":{"start":{"line":55,"column":6},"end":{"line":55,"column":13}},"27":{"start":{"line":58,"column":4},"end":{"line":58,"column":32}},"28":{"start":{"line":60,"column":4},"end":{"line":60,"column":16}},"29":{"start":{"line":48,"column":13},"end":{"line":48,"column":29}},"30":{"start":{"line":64,"column":28},"end":{"line":92,"column":1}},"31":{"start":{"line":65,"column":2},"end":{"line":91,"column":3}},"32":{"start":{"line":66,"column":19},"end":{"line":66,"column":29}},"33":{"start":{"line":67,"column":50},"end":{"line":67,"column":58}},"34":{"start":{"line":70,"column":27},"end":{"line":70,"column":62}},"35":{"start":{"line":71,"column":4},"end":{"line":74,"column":5}},"36":{"start":{"line":72,"column":6},"end":{"line":72,"column":58}},"37":{"start":{"line":73,"column":6},"end":{"line":73,"column":13}},"38":{"start":{"line":77,"column":44},"end":{"line":77,"column":46}},"39":{"start":{"line":78,"column":4},"end":{"line":78,"column":79}},"40":{"start":{"line":78,"column":41},"end":{"line":78,"column":79}},"41":{"start":{"line":79,"column":4},"end":{"line":79,"column":79}},"42":{"start":{"line":79,"column":41},"end":{"line":79,"column":79}},"43":{"start":{"line":80,"column":4},"end":{"line":80,"column":97}},"44":{"start":{"line":80,"column":47},"end":{"line":80,"column":97}},"45":{"start":{"line":81,"column":4},"end":{"line":85,"column":5}},"46":{"start":{"line":82,"column":6},"end":{"line":84,"column":8}},"47":{"start":{"line":87,"column":26},"end":{"line":87,"column":72}},"48":{"start":{"line":88,"column":4},"end":{"line":88,"column":39}},"49":{"start":{"line":90,"column":4},"end":{"line":90,"column":16}},"50":{"start":{"line":64,"column":13},"end":{"line":64,"column":28}},"51":{"start":{"line":94,"column":28},"end":{"line":110,"column":1}},"52":{"start":{"line":95,"column":2},"end":{"line":109,"column":3}},"53":{"start":{"line":96,"column":19},"end":{"line":96,"column":29}},"54":{"start":{"line":99,"column":27},"end":{"line":99,"column":62}},"55":{"start":{"line":100,"column":4},"end":{"line":103,"column":5}},"56":{"start":{"line":101,"column":6},"end":{"line":101,"column":58}},"57":{"start":{"line":102,"column":6},"end":{"line":102,"column":13}},"58":{"start":{"line":105,"column":4},"end":{"line":105,"column":39}},"59":{"start":{"line":106,"column":4},"end":{"line":106,"column":27}},"60":{"start":{"line":108,"column":4},"end":{"line":108,"column":16}},"61":{"start":{"line":94,"column":13},"end":{"line":94,"column":28}},"62":{"start":{"line":112,"column":32},"end":{"line":119,"column":1}},"63":{"start":{"line":113,"column":2},"end":{"line":118,"column":3}},"64":{"start":{"line":114,"column":20},"end":{"line":114,"column":55}},"65":{"start":{"line":115,"column":4},"end":{"line":115,"column":33}},"66":{"start":{"line":117,"column":4},"end":{"line":117,"column":16}},"67":{"start":{"line":112,"column":13},"end":{"line":112,"column":32}}},"fnMap":{"0":{"name":"(anonymous_9)","decl":{"start":{"line":6,"column":28},"end":{"line":6,"column":33}},"loc":{"start":{"line":6,"column":101},"end":{"line":37,"column":1}}},"1":{"name":"(anonymous_10)","decl":{"start":{"line":39,"column":27},"end":{"line":39,"column":32}},"loc":{"start":{"line":39,"column":100},"end":{"line":46,"column":1}}},"2":{"name":"(anonymous_11)","decl":{"start":{"line":48,"column":29},"end":{"line":48,"column":34}},"loc":{"start":{"line":48,"column":102},"end":{"line":62,"column":1}}},"3":{"name":"(anonymous_12)","decl":{"start":{"line":64,"column":28},"end":{"line":64,"column":33}},"loc":{"start":{"line":64,"column":101},"end":{"line":92,"column":1}}},"4":{"name":"(anonymous_13)","decl":{"start":{"line":94,"column":28},"end":{"line":94,"column":33}},"loc":{"start":{"line":94,"column":101},"end":{"line":110,"column":1}}},"5":{"name":"(anonymous_14)","decl":{"start":{"line":112,"column":32},"end":{"line":112,"column":37}},"loc":{"start":{"line":112,"column":105},"end":{"line":119,"column":1}}}},"branchMap":{"0":{"loc":{"start":{"line":12,"column":4},"end":{"line":15,"column":5}},"type":"if","locations":[{"start":{"line":12,"column":4},"end":{"line":15,"column":5}},{"start":{},"end":{}}]},"1":{"loc":{"start":{"line":25,"column":10},"end":{"line":29,"column":8}},"type":"binary-expr","locations":[{"start":{"line":25,"column":10},"end":{"line":25,"column":31}},{"start":{"line":25,"column":35},"end":{"line":29,"column":8}}]},"2":{"loc":{"start":{"line":53,"column":4},"end":{"line":56,"column":5}},"type":"if","locations":[{"start":{"line":53,"column":4},"end":{"line":56,"column":5}},{"start":{},"end":{}}]},"3":{"loc":{"start":{"line":71,"column":4},"end":{"line":74,"column":5}},"type":"if","locations":[{"start":{"line":71,"column":4},"end":{"line":74,"column":5}},{"start":{},"end":{}}]},"4":{"loc":{"start":{"line":78,"column":4},"end":{"line":78,"column":79}},"type":"if","locations":[{"start":{"line":78,"column":4},"end":{"line":78,"column":79}},{"start":{},"end":{}}]},"5":{"loc":{"start":{"line":79,"column":4},"end":{"line":79,"column":79}},"type":"if","locations":[{"start":{"line":79,"column":4},"end":{"line":79,"column":79}},{"start":{},"end":{}}]},"6":{"loc":{"start":{"line":80,"column":4},"end":{"line":80,"column":97}},"type":"if","locations":[{"start":{"line":80,"column":4},"end":{"line":80,"column":97}},{"start":{},"end":{}}]},"7":{"loc":{"start":{"line":81,"column":4},"end":{"line":85,"column":5}},"type":"if","locations":[{"start":{"line":81,"column":4},"end":{"line":85,"column":5}},{"start":{},"end":{}}]},"8":{"loc":{"start":{"line":100,"column":4},"end":{"line":103,"column":5}},"type":"if","locations":[{"start":{"line":100,"column":4},"end":{"line":103,"column":5}},{"start":{},"end":{}}]}},"s":{"0":1,"1":1,"2":1,"3":0,"4":0,"5":0,"6":0,"7":0,"8":0,"9":0,"10":0,"11":0,"12":0,"13":1,"14":1,"15":0,"16":0,"17":0,"18":0,"19":1,"20":1,"21":0,"22":0,"23":0,"24":0,"25":0,"26":0,"27":0,"28":0,"29":1,"30":1,"31":0,"32":0,"33":0,"34":0,"35":0,"36":0,"37":0,"38":0,"39":0,"40":0,"41":0,"42":0,"43":0,"44":0,"45":0,"46":0,"47":0,"48":0,"49":0,"50":1,"51":1,"52":0,"53":0,"54":0,"55":0,"56":0,"57":0,"58":0,"59":0,"60":0,"61":1,"62":1,"63":0,"64":0,"65":0,"66":0,"67":1},"f":{"0":0,"1":0,"2":0,"3":0,"4":0,"5":0},"b":{"0":[0,0],"1":[0,0],"2":[0,0],"3":[0,0],"4":[0,0],"5":[0,0],"6":[0,0],"7":[0,0],"8":[0,0]}}
,"/Users/mahmoudmetwalli/Documents/mahmoud/gateway/backend/src/controllers/deviceType.controller.ts": {"path":"/Users/mahmoudmetwalli/Documents/mahmoud/gateway/backend/src/controllers/deviceType.controller.ts","statementMap":{"0":{"start":{"line":3,"column":0},"end":{"line":3,"column":72}},"1":{"start":{"line":5,"column":32},"end":{"line":20,"column":1}},"2":{"start":{"line":6,"column":2},"end":{"line":19,"column":3}},"3":{"start":{"line":7,"column":48},"end":{"line":7,"column":56}},"4":{"start":{"line":10,"column":23},"end":{"line":13,"column":6}},"5":{"start":{"line":15,"column":26},"end":{"line":15,"column":75}},"6":{"start":{"line":16,"column":4},"end":{"line":16,"column":40}},"7":{"start":{"line":18,"column":4},"end":{"line":18,"column":16}},"8":{"start":{"line":5,"column":13},"end":{"line":5,"column":32}},"9":{"start":{"line":22,"column":31},"end":{"line":29,"column":1}},"10":{"start":{"line":23,"column":2},"end":{"line":28,"column":3}},"11":{"start":{"line":24,"column":24},"end":{"line":24,"column":62}},"12":{"start":{"line":25,"column":4},"end":{"line":25,"column":26}},"13":{"start":{"line":27,"column":4},"end":{"line":27,"column":16}},"14":{"start":{"line":22,"column":13},"end":{"line":22,"column":31}},"15":{"start":{"line":30,"column":33},"end":{"line":44,"column":1}},"16":{"start":{"line":31,"column":2},"end":{"line":43,"column":3}},"17":{"start":{"line":32,"column":19},"end":{"line":32,"column":29}},"18":{"start":{"line":33,"column":23},"end":{"line":33,"column":73}},"19":{"start":{"line":35,"column":4},"end":{"line":38,"column":5}},"20":{"start":{"line":36,"column":6},"end":{"line":36,"column":63}},"21":{"start":{"line":37,"column":6},"end":{"line":37,"column":13}},"22":{"start":{"line":40,"column":4},"end":{"line":40,"column":25}},"23":{"start":{"line":42,"column":4},"end":{"line":42,"column":16}},"24":{"start":{"line":30,"column":13},"end":{"line":30,"column":33}},"25":{"start":{"line":46,"column":32},"end":{"line":68,"column":1}},"26":{"start":{"line":47,"column":2},"end":{"line":67,"column":3}},"27":{"start":{"line":48,"column":19},"end":{"line":48,"column":29}},"28":{"start":{"line":49,"column":48},"end":{"line":49,"column":56}},"29":{"start":{"line":52,"column":31},"end":{"line":52,"column":81}},"30":{"start":{"line":53,"column":4},"end":{"line":56,"column":5}},"31":{"start":{"line":54,"column":6},"end":{"line":54,"column":63}},"32":{"start":{"line":55,"column":6},"end":{"line":55,"column":13}},"33":{"start":{"line":59,"column":28},"end":{"line":59,"column":30}},"34":{"start":{"line":60,"column":4},"end":{"line":60,"column":81}},"35":{"start":{"line":60,"column":43},"end":{"line":60,"column":81}},"36":{"start":{"line":61,"column":4},"end":{"line":61,"column":102}},"37":{"start":{"line":61,"column":50},"end":{"line":61,"column":102}},"38":{"start":{"line":63,"column":30},"end":{"line":63,"column":91}},"39":{"start":{"line":64,"column":4},"end":{"line":64,"column":32}},"40":{"start":{"line":66,"column":4},"end":{"line":66,"column":16}},"41":{"start":{"line":46,"column":13},"end":{"line":46,"column":32}},"42":{"start":{"line":70,"column":32},"end":{"line":86,"column":1}},"43":{"start":{"line":71,"column":2},"end":{"line":85,"column":3}},"44":{"start":{"line":72,"column":19},"end":{"line":72,"column":29}},"45":{"start":{"line":75,"column":31},"end":{"line":75,"column":81}},"46":{"start":{"line":76,"column":4},"end":{"line":79,"column":5}},"47":{"start":{"line":77,"column":6},"end":{"line":77,"column":63}},"48":{"start":{"line":78,"column":6},"end":{"line":78,"column":13}},"49":{"start":{"line":81,"column":4},"end":{"line":81,"column":54}},"50":{"start":{"line":82,"column":4},"end":{"line":82,"column":27}},"51":{"start":{"line":84,"column":4},"end":{"line":84,"column":16}},"52":{"start":{"line":70,"column":13},"end":{"line":70,"column":32}}},"fnMap":{"0":{"name":"(anonymous_9)","decl":{"start":{"line":5,"column":32},"end":{"line":5,"column":37}},"loc":{"start":{"line":5,"column":105},"end":{"line":20,"column":1}}},"1":{"name":"(anonymous_10)","decl":{"start":{"line":22,"column":31},"end":{"line":22,"column":36}},"loc":{"start":{"line":22,"column":104},"end":{"line":29,"column":1}}},"2":{"name":"(anonymous_11)","decl":{"start":{"line":30,"column":33},"end":{"line":30,"column":38}},"loc":{"start":{"line":30,"column":106},"end":{"line":44,"column":1}}},"3":{"name":"(anonymous_12)","decl":{"start":{"line":46,"column":32},"end":{"line":46,"column":37}},"loc":{"start":{"line":46,"column":105},"end":{"line":68,"column":1}}},"4":{"name":"(anonymous_13)","decl":{"start":{"line":70,"column":32},"end":{"line":70,"column":37}},"loc":{"start":{"line":70,"column":105},"end":{"line":86,"column":1}}}},"branchMap":{"0":{"loc":{"start":{"line":35,"column":4},"end":{"line":38,"column":5}},"type":"if","locations":[{"start":{"line":35,"column":4},"end":{"line":38,"column":5}},{"start":{},"end":{}}]},"1":{"loc":{"start":{"line":53,"column":4},"end":{"line":56,"column":5}},"type":"if","locations":[{"start":{"line":53,"column":4},"end":{"line":56,"column":5}},{"start":{},"end":{}}]},"2":{"loc":{"start":{"line":60,"column":4},"end":{"line":60,"column":81}},"type":"if","locations":[{"start":{"line":60,"column":4},"end":{"line":60,"column":81}},{"start":{},"end":{}}]},"3":{"loc":{"start":{"line":61,"column":4},"end":{"line":61,"column":102}},"type":"if","locations":[{"start":{"line":61,"column":4},"end":{"line":61,"column":102}},{"start":{},"end":{}}]},"4":{"loc":{"start":{"line":76,"column":4},"end":{"line":79,"column":5}},"type":"if","locations":[{"start":{"line":76,"column":4},"end":{"line":79,"column":5}},{"start":{},"end":{}}]}},"s":{"0":1,"1":1,"2":0,"3":0,"4":0,"5":0,"6":0,"7":0,"8":1,"9":1,"10":0,"11":0,"12":0,"13":0,"14":1,"15":1,"16":0,"17":0,"18":0,"19":0,"20":0,"21":0,"22":0,"23":0,"24":1,"25":1,"26":0,"27":0,"28":0,"29":0,"30":0,"31":0,"32":0,"33":0,"34":0,"35":0,"36":0,"37":0,"38":0,"39":0,"40":0,"41":1,"42":1,"43":0,"44":0,"45":0,"46":0,"47":0,"48":0,"49":0,"50":0,"51":0,"52":1},"f":{"0":0,"1":0,"2":0,"3":0,"4":0},"b":{"0":[0,0],"1":[0,0],"2":[0,0],"3":[0,0],"4":[0,0]}}
,"/Users/mahmoudmetwalli/Documents/mahmoud/gateway/backend/src/controllers/gateway.controller.ts": {"path":"/Users/mahmoudmetwalli/Documents/mahmoud/gateway/backend/src/controllers/gateway.controller.ts","statementMap":{"0":{"start":{"line":3,"column":0},"end":{"line":3,"column":66}},"1":{"start":{"line":4,"column":0},"end":{"line":4,"column":64}},"2":{"start":{"line":5,"column":0},"end":{"line":5,"column":48}},"3":{"start":{"line":7,"column":29},"end":{"line":49,"column":1}},"4":{"start":{"line":8,"column":2},"end":{"line":48,"column":3}},"5":{"start":{"line":9,"column":42},"end":{"line":9,"column":50}},"6":{"start":{"line":12,"column":25},"end":{"line":12,"column":88}},"7":{"start":{"line":13,"column":4},"end":{"line":16,"column":5}},"8":{"start":{"line":14,"column":6},"end":{"line":14,"column":78}},"9":{"start":{"line":15,"column":6},"end":{"line":15,"column":13}},"10":{"start":{"line":19,"column":21},"end":{"line":19,"column":82}},"11":{"start":{"line":20,"column":4},"end":{"line":23,"column":5}},"12":{"start":{"line":21,"column":6},"end":{"line":21,"column":77}},"13":{"start":{"line":22,"column":6},"end":{"line":22,"column":13}},"14":{"start":{"line":26,"column":23},"end":{"line":35,"column":6}},"15":{"start":{"line":37,"column":23},"end":{"line":37,"column":66}},"16":{"start":{"line":39,"column":4},"end":{"line":43,"column":7}},"17":{"start":{"line":45,"column":4},"end":{"line":45,"column":48}},"18":{"start":{"line":47,"column":4},"end":{"line":47,"column":16}},"19":{"start":{"line":7,"column":13},"end":{"line":7,"column":29}},"20":{"start":{"line":51,"column":28},"end":{"line":58,"column":1}},"21":{"start":{"line":52,"column":2},"end":{"line":57,"column":3}},"22":{"start":{"line":53,"column":21},"end":{"line":53,"column":53}},"23":{"start":{"line":54,"column":4},"end":{"line":54,"column":34}},"24":{"start":{"line":56,"column":4},"end":{"line":56,"column":16}},"25":{"start":{"line":51,"column":13},"end":{"line":51,"column":28}},"26":{"start":{"line":60,"column":30},"end":{"line":74,"column":1}},"27":{"start":{"line":61,"column":2},"end":{"line":73,"column":3}},"28":{"start":{"line":62,"column":19},"end":{"line":62,"column":29}},"29":{"start":{"line":63,"column":20},"end":{"line":63,"column":57}},"30":{"start":{"line":65,"column":4},"end":{"line":68,"column":5}},"31":{"start":{"line":66,"column":6},"end":{"line":66,"column":59}},"32":{"start":{"line":67,"column":6},"end":{"line":67,"column":13}},"33":{"start":{"line":70,"column":4},"end":{"line":70,"column":33}},"34":{"start":{"line":72,"column":4},"end":{"line":72,"column":16}},"35":{"start":{"line":60,"column":13},"end":{"line":60,"column":30}},"36":{"start":{"line":76,"column":29},"end":{"line":114,"column":1}},"37":{"start":{"line":77,"column":2},"end":{"line":113,"column":3}},"38":{"start":{"line":78,"column":19},"end":{"line":78,"column":29}},"39":{"start":{"line":79,"column":42},"end":{"line":79,"column":50}},"40":{"start":{"line":82,"column":28},"end":{"line":82,"column":65}},"41":{"start":{"line":83,"column":4},"end":{"line":86,"column":5}},"42":{"start":{"line":84,"column":6},"end":{"line":84,"column":59}},"43":{"start":{"line":85,"column":6},"end":{"line":85,"column":13}},"44":{"start":{"line":89,"column":4},"end":{"line":95,"column":5}},"45":{"start":{"line":90,"column":23},"end":{"line":90,"column":84}},"46":{"start":{"line":91,"column":6},"end":{"line":94,"column":7}},"47":{"start":{"line":92,"column":8},"end":{"line":92,"column":79}},"48":{"start":{"line":93,"column":8},"end":{"line":93,"column":15}},"49":{"start":{"line":98,"column":44},"end":{"line":98,"column":46}},"50":{"start":{"line":99,"column":4},"end":{"line":99,"column":75}},"51":{"start":{"line":99,"column":40},"end":{"line":99,"column":75}},"52":{"start":{"line":100,"column":4},"end":{"line":100,"column":81}},"53":{"start":{"line":100,"column":42},"end":{"line":100,"column":81}},"54":{"start":{"line":101,"column":4},"end":{"line":101,"column":99}},"55":{"start":{"line":101,"column":48},"end":{"line":101,"column":99}},"56":{"start":{"line":102,"column":4},"end":{"line":102,"column":87}},"57":{"start":{"line":102,"column":44},"end":{"line":102,"column":87}},"58":{"start":{"line":104,"column":27},"end":{"line":104,"column":80}},"59":{"start":{"line":106,"column":4},"end":{"line":108,"column":7}},"60":{"start":{"line":110,"column":4},"end":{"line":110,"column":40}},"61":{"start":{"line":112,"column":4},"end":{"line":112,"column":16}},"62":{"start":{"line":76,"column":13},"end":{"line":76,"column":29}},"63":{"start":{"line":116,"column":29},"end":{"line":138,"column":1}},"64":{"start":{"line":117,"column":2},"end":{"line":137,"column":3}},"65":{"start":{"line":118,"column":19},"end":{"line":118,"column":29}},"66":{"start":{"line":121,"column":28},"end":{"line":121,"column":65}},"67":{"start":{"line":122,"column":4},"end":{"line":125,"column":5}},"68":{"start":{"line":123,"column":6},"end":{"line":123,"column":59}},"69":{"start":{"line":124,"column":6},"end":{"line":124,"column":13}},"70":{"start":{"line":128,"column":4},"end":{"line":131,"column":7}},"71":{"start":{"line":133,"column":4},"end":{"line":133,"column":41}},"72":{"start":{"line":134,"column":4},"end":{"line":134,"column":27}},"73":{"start":{"line":136,"column":4},"end":{"line":136,"column":16}},"74":{"start":{"line":116,"column":13},"end":{"line":116,"column":29}},"75":{"start":{"line":140,"column":28},"end":{"line":185,"column":1}},"76":{"start":{"line":141,"column":2},"end":{"line":184,"column":3}},"77":{"start":{"line":142,"column":30},"end":{"line":142,"column":40}},"78":{"start":{"line":143,"column":25},"end":{"line":143,"column":33}},"79":{"start":{"line":146,"column":20},"end":{"line":146,"column":64}},"80":{"start":{"line":147,"column":4},"end":{"line":150,"column":5}},"81":{"start":{"line":148,"column":6},"end":{"line":148,"column":59}},"82":{"start":{"line":149,"column":6},"end":{"line":149,"column":13}},"83":{"start":{"line":153,"column":19},"end":{"line":153,"column":59}},"84":{"start":{"line":154,"column":4},"end":{"line":157,"column":5}},"85":{"start":{"line":155,"column":6},"end":{"line":155,"column":58}},"86":{"start":{"line":156,"column":6},"end":{"line":156,"column":13}},"87":{"start":{"line":160,"column":24},"end":{"line":160,"column":74}},"88":{"start":{"line":161,"column":4},"end":{"line":164,"column":5}},"89":{"start":{"line":162,"column":6},"end":{"line":162,"column":96}},"90":{"start":{"line":163,"column":6},"end":{"line":163,"column":13}},"91":{"start":{"line":167,"column":4},"end":{"line":170,"column":5}},"92":{"start":{"line":168,"column":6},"end":{"line":168,"column":87}},"93":{"start":{"line":169,"column":6},"end":{"line":169,"column":13}},"94":{"start":{"line":172,"column":26},"end":{"line":172,"column":86}},"95":{"start":{"line":175,"column":4},"end":{"line":179,"column":7}},"96":{"start":{"line":181,"column":4},"end":{"line":181,"column":39}},"97":{"start":{"line":183,"column":4},"end":{"line":183,"column":16}},"98":{"start":{"line":140,"column":13},"end":{"line":140,"column":28}},"99":{"start":{"line":187,"column":28},"end":{"line":223,"column":1}},"100":{"start":{"line":188,"column":2},"end":{"line":222,"column":3}},"101":{"start":{"line":189,"column":40},"end":{"line":189,"column":50}},"102":{"start":{"line":192,"column":20},"end":{"line":192,"column":64}},"103":{"start":{"line":193,"column":4},"end":{"line":196,"column":5}},"104":{"start":{"line":194,"column":6},"end":{"line":194,"column":59}},"105":{"start":{"line":195,"column":6},"end":{"line":195,"column":13}},"106":{"start":{"line":199,"column":19},"end":{"line":199,"column":60}},"107":{"start":{"line":200,"column":4},"end":{"line":203,"column":5}},"108":{"start":{"line":201,"column":6},"end":{"line":201,"column":58}},"109":{"start":{"line":202,"column":6},"end":{"line":202,"column":13}},"110":{"start":{"line":205,"column":4},"end":{"line":208,"column":5}},"111":{"start":{"line":206,"column":6},"end":{"line":206,"column":80}},"112":{"start":{"line":207,"column":6},"end":{"line":207,"column":13}},"113":{"start":{"line":210,"column":26},"end":{"line":210,"column":77}},"114":{"start":{"line":213,"column":4},"end":{"line":217,"column":7}},"115":{"start":{"line":219,"column":4},"end":{"line":219,"column":39}},"116":{"start":{"line":221,"column":4},"end":{"line":221,"column":16}},"117":{"start":{"line":187,"column":13},"end":{"line":187,"column":28}},"118":{"start":{"line":225,"column":31},"end":{"line":241,"column":1}},"119":{"start":{"line":226,"column":2},"end":{"line":240,"column":3}},"120":{"start":{"line":227,"column":30},"end":{"line":227,"column":40}},"121":{"start":{"line":230,"column":20},"end":{"line":230,"column":64}},"122":{"start":{"line":231,"column":4},"end":{"line":234,"column":5}},"123":{"start":{"line":232,"column":6},"end":{"line":232,"column":59}},"124":{"start":{"line":233,"column":6},"end":{"line":233,"column":13}},"125":{"start":{"line":236,"column":17},"end":{"line":236,"column":62}},"126":{"start":{"line":237,"column":4},"end":{"line":237,"column":30}},"127":{"start":{"line":239,"column":4},"end":{"line":239,"column":16}},"128":{"start":{"line":225,"column":13},"end":{"line":225,"column":31}},"129":{"start":{"line":243,"column":27},"end":{"line":250,"column":1}},"130":{"start":{"line":244,"column":2},"end":{"line":249,"column":3}},"131":{"start":{"line":245,"column":17},"end":{"line":245,"column":48}},"132":{"start":{"line":246,"column":4},"end":{"line":246,"column":30}},"133":{"start":{"line":248,"column":4},"end":{"line":248,"column":16}},"134":{"start":{"line":243,"column":13},"end":{"line":243,"column":27}}},"fnMap":{"0":{"name":"(anonymous_9)","decl":{"start":{"line":7,"column":29},"end":{"line":7,"column":34}},"loc":{"start":{"line":7,"column":102},"end":{"line":49,"column":1}}},"1":{"name":"(anonymous_10)","decl":{"start":{"line":51,"column":28},"end":{"line":51,"column":33}},"loc":{"start":{"line":51,"column":101},"end":{"line":58,"column":1}}},"2":{"name":"(anonymous_11)","decl":{"start":{"line":60,"column":30},"end":{"line":60,"column":35}},"loc":{"start":{"line":60,"column":103},"end":{"line":74,"column":1}}},"3":{"name":"(anonymous_12)","decl":{"start":{"line":76,"column":29},"end":{"line":76,"column":34}},"loc":{"start":{"line":76,"column":102},"end":{"line":114,"column":1}}},"4":{"name":"(anonymous_13)","decl":{"start":{"line":116,"column":29},"end":{"line":116,"column":34}},"loc":{"start":{"line":116,"column":102},"end":{"line":138,"column":1}}},"5":{"name":"(anonymous_14)","decl":{"start":{"line":140,"column":28},"end":{"line":140,"column":33}},"loc":{"start":{"line":140,"column":101},"end":{"line":185,"column":1}}},"6":{"name":"(anonymous_15)","decl":{"start":{"line":187,"column":28},"end":{"line":187,"column":33}},"loc":{"start":{"line":187,"column":101},"end":{"line":223,"column":1}}},"7":{"name":"(anonymous_16)","decl":{"start":{"line":225,"column":31},"end":{"line":225,"column":36}},"loc":{"start":{"line":225,"column":104},"end":{"line":241,"column":1}}},"8":{"name":"(anonymous_17)","decl":{"start":{"line":243,"column":27},"end":{"line":243,"column":32}},"loc":{"start":{"line":243,"column":100},"end":{"line":250,"column":1}}}},"branchMap":{"0":{"loc":{"start":{"line":13,"column":4},"end":{"line":16,"column":5}},"type":"if","locations":[{"start":{"line":13,"column":4},"end":{"line":16,"column":5}},{"start":{},"end":{}}]},"1":{"loc":{"start":{"line":20,"column":4},"end":{"line":23,"column":5}},"type":"if","locations":[{"start":{"line":20,"column":4},"end":{"line":23,"column":5}},{"start":{},"end":{}}]},"2":{"loc":{"start":{"line":31,"column":16},"end":{"line":31,"column":44}},"type":"binary-expr","locations":[{"start":{"line":31,"column":16},"end":{"line":31,"column":36}},{"start":{"line":31,"column":40},"end":{"line":31,"column":44}}]},"3":{"loc":{"start":{"line":65,"column":4},"end":{"line":68,"column":5}},"type":"if","locations":[{"start":{"line":65,"column":4},"end":{"line":68,"column":5}},{"start":{},"end":{}}]},"4":{"loc":{"start":{"line":83,"column":4},"end":{"line":86,"column":5}},"type":"if","locations":[{"start":{"line":83,"column":4},"end":{"line":86,"column":5}},{"start":{},"end":{}}]},"5":{"loc":{"start":{"line":89,"column":4},"end":{"line":95,"column":5}},"type":"if","locations":[{"start":{"line":89,"column":4},"end":{"line":95,"column":5}},{"start":{},"end":{}}]},"6":{"loc":{"start":{"line":89,"column":8},"end":{"line":89,"column":93}},"type":"binary-expr","locations":[{"start":{"line":89,"column":8},"end":{"line":89,"column":32}},{"start":{"line":89,"column":36},"end":{"line":89,"column":93}}]},"7":{"loc":{"start":{"line":91,"column":6},"end":{"line":94,"column":7}},"type":"if","locations":[{"start":{"line":91,"column":6},"end":{"line":94,"column":7}},{"start":{},"end":{}}]},"8":{"loc":{"start":{"line":99,"column":4},"end":{"line":99,"column":75}},"type":"if","locations":[{"start":{"line":99,"column":4},"end":{"line":99,"column":75}},{"start":{},"end":{}}]},"9":{"loc":{"start":{"line":100,"column":4},"end":{"line":100,"column":81}},"type":"if","locations":[{"start":{"line":100,"column":4},"end":{"line":100,"column":81}},{"start":{},"end":{}}]},"10":{"loc":{"start":{"line":101,"column":4},"end":{"line":101,"column":99}},"type":"if","locations":[{"start":{"line":101,"column":4},"end":{"line":101,"column":99}},{"start":{},"end":{}}]},"11":{"loc":{"start":{"line":102,"column":4},"end":{"line":102,"column":87}},"type":"if","locations":[{"start":{"line":102,"column":4},"end":{"line":102,"column":87}},{"start":{},"end":{}}]},"12":{"loc":{"start":{"line":122,"column":4},"end":{"line":125,"column":5}},"type":"if","locations":[{"start":{"line":122,"column":4},"end":{"line":125,"column":5}},{"start":{},"end":{}}]},"13":{"loc":{"start":{"line":147,"column":4},"end":{"line":150,"column":5}},"type":"if","locations":[{"start":{"line":147,"column":4},"end":{"line":150,"column":5}},{"start":{},"end":{}}]},"14":{"loc":{"start":{"line":154,"column":4},"end":{"line":157,"column":5}},"type":"if","locations":[{"start":{"line":154,"column":4},"end":{"line":157,"column":5}},{"start":{},"end":{}}]},"15":{"loc":{"start":{"line":161,"column":4},"end":{"line":164,"column":5}},"type":"if","locations":[{"start":{"line":161,"column":4},"end":{"line":164,"column":5}},{"start":{},"end":{}}]},"16":{"loc":{"start":{"line":167,"column":4},"end":{"line":170,"column":5}},"type":"if","locations":[{"start":{"line":167,"column":4},"end":{"line":170,"column":5}},{"start":{},"end":{}}]},"17":{"loc":{"start":{"line":167,"column":8},"end":{"line":167,"column":60}},"type":"binary-expr","locations":[{"start":{"line":167,"column":8},"end":{"line":167,"column":25}},{"start":{"line":167,"column":29},"end":{"line":167,"column":60}}]},"18":{"loc":{"start":{"line":193,"column":4},"end":{"line":196,"column":5}},"type":"if","locations":[{"start":{"line":193,"column":4},"end":{"line":196,"column":5}},{"start":{},"end":{}}]},"19":{"loc":{"start":{"line":200,"column":4},"end":{"line":203,"column":5}},"type":"if","locations":[{"start":{"line":200,"column":4},"end":{"line":203,"column":5}},{"start":{},"end":{}}]},"20":{"loc":{"start":{"line":205,"column":4},"end":{"line":208,"column":5}},"type":"if","locations":[{"start":{"line":205,"column":4},"end":{"line":208,"column":5}},{"start":{},"end":{}}]},"21":{"loc":{"start":{"line":231,"column":4},"end":{"line":234,"column":5}},"type":"if","locations":[{"start":{"line":231,"column":4},"end":{"line":234,"column":5}},{"start":{},"end":{}}]}},"s":{"0":1,"1":1,"2":1,"3":1,"4":1,"5":1,"6":1,"7":1,"8":0,"9":0,"10":1,"11":1,"12":0,"13":0,"14":1,"15":1,"16":1,"17":1,"18":0,"19":1,"20":1,"21":1,"22":1,"23":1,"24":0,"25":1,"26":1,"27":1,"28":1,"29":1,"30":1,"31":0,"32":0,"33":1,"34":0,"35":1,"36":1,"37":2,"38":2,"39":2,"40":2,"41":2,"42":1,"43":1,"44":1,"45":0,"46":0,"47":0,"48":0,"49":1,"50":1,"51":1,"52":1,"53":1,"54":1,"55":1,"56":1,"57":1,"58":1,"59":1,"60":1,"61":0,"62":1,"63":1,"64":2,"65":2,"66":2,"67":2,"68":1,"69":1,"70":1,"71":1,"72":1,"73":0,"74":1,"75":1,"76":1,"77":1,"78":1,"79":1,"80":1,"81":0,"82":0,"83":1,"84":1,"85":0,"86":0,"87":1,"88":1,"89":0,"90":0,"91":1,"92":0,"93":0,"94":1,"95":1,"96":1,"97":0,"98":1,"99":1,"100":3,"101":3,"102":3,"103":3,"104":1,"105":1,"106":2,"107":2,"108":1,"109":1,"110":1,"111":0,"112":0,"113":1,"114":1,"115":1,"116":0,"117":1,"118":1,"119":0,"120":0,"121":0,"122":0,"123":0,"124":0,"125":0,"126":0,"127":0,"128":1,"129":1,"130":0,"131":0,"132":0,"133":0,"134":1},"f":{"0":1,"1":1,"2":1,"3":2,"4":2,"5":1,"6":3,"7":0,"8":0},"b":{"0":[0,1],"1":[0,1],"2":[1,1],"3":[0,1],"4":[1,1],"5":[0,1],"6":[1,1],"7":[0,0],"8":[1,0],"9":[1,0],"10":[1,0],"11":[1,0],"12":[1,1],"13":[0,1],"14":[0,1],"15":[0,1],"16":[0,1],"17":[1,0],"18":[1,2],"19":[1,1],"20":[0,1],"21":[0,0]}}
,"/Users/mahmoudmetwalli/Documents/mahmoud/gateway/backend/src/controllers/tenant.controller.ts": {"path":"/Users/mahmoudmetwalli/Documents/mahmoud/gateway/backend/src/controllers/tenant.controller.ts","statementMap":{"0":{"start":{"line":3,"column":0},"end":{"line":3,"column":64}},"1":{"start":{"line":4,"column":0},"end":{"line":4,"column":48}},"2":{"start":{"line":6,"column":28},"end":{"line":14,"column":1}},"3":{"start":{"line":7,"column":2},"end":{"line":13,"column":3}},"4":{"start":{"line":8,"column":40},"end":{"line":8,"column":48}},"5":{"start":{"line":9,"column":22},"end":{"line":9,"column":63}},"6":{"start":{"line":10,"column":4},"end":{"line":10,"column":36}},"7":{"start":{"line":12,"column":4},"end":{"line":12,"column":16}},"8":{"start":{"line":6,"column":13},"end":{"line":6,"column":28}},"9":{"start":{"line":16,"column":27},"end":{"line":23,"column":1}},"10":{"start":{"line":17,"column":2},"end":{"line":22,"column":3}},"11":{"start":{"line":18,"column":20},"end":{"line":18,"column":50}},"12":{"start":{"line":19,"column":4},"end":{"line":19,"column":33}},"13":{"start":{"line":21,"column":4},"end":{"line":21,"column":16}},"14":{"start":{"line":16,"column":13},"end":{"line":16,"column":27}},"15":{"start":{"line":25,"column":29},"end":{"line":37,"column":1}},"16":{"start":{"line":26,"column":2},"end":{"line":36,"column":3}},"17":{"start":{"line":27,"column":19},"end":{"line":27,"column":29}},"18":{"start":{"line":28,"column":19},"end":{"line":28,"column":54}},"19":{"start":{"line":29,"column":4},"end":{"line":32,"column":5}},"20":{"start":{"line":30,"column":6},"end":{"line":30,"column":58}},"21":{"start":{"line":31,"column":6},"end":{"line":31,"column":13}},"22":{"start":{"line":33,"column":4},"end":{"line":33,"column":32}},"23":{"start":{"line":35,"column":4},"end":{"line":35,"column":16}},"24":{"start":{"line":25,"column":13},"end":{"line":25,"column":29}},"25":{"start":{"line":39,"column":28},"end":{"line":48,"column":1}},"26":{"start":{"line":40,"column":2},"end":{"line":47,"column":3}},"27":{"start":{"line":41,"column":19},"end":{"line":41,"column":29}},"28":{"start":{"line":42,"column":49},"end":{"line":42,"column":57}},"29":{"start":{"line":43,"column":26},"end":{"line":43,"column":72}},"30":{"start":{"line":44,"column":4},"end":{"line":44,"column":28}},"31":{"start":{"line":46,"column":4},"end":{"line":46,"column":16}},"32":{"start":{"line":39,"column":13},"end":{"line":39,"column":28}},"33":{"start":{"line":50,"column":28},"end":{"line":58,"column":1}},"34":{"start":{"line":51,"column":2},"end":{"line":57,"column":3}},"35":{"start":{"line":52,"column":19},"end":{"line":52,"column":29}},"36":{"start":{"line":53,"column":4},"end":{"line":53,"column":39}},"37":{"start":{"line":54,"column":4},"end":{"line":54,"column":27}},"38":{"start":{"line":56,"column":4},"end":{"line":56,"column":16}},"39":{"start":{"line":50,"column":13},"end":{"line":50,"column":28}}},"fnMap":{"0":{"name":"(anonymous_9)","decl":{"start":{"line":6,"column":28},"end":{"line":6,"column":33}},"loc":{"start":{"line":6,"column":101},"end":{"line":14,"column":1}}},"1":{"name":"(anonymous_10)","decl":{"start":{"line":16,"column":27},"end":{"line":16,"column":32}},"loc":{"start":{"line":16,"column":100},"end":{"line":23,"column":1}}},"2":{"name":"(anonymous_11)","decl":{"start":{"line":25,"column":29},"end":{"line":25,"column":34}},"loc":{"start":{"line":25,"column":102},"end":{"line":37,"column":1}}},"3":{"name":"(anonymous_12)","decl":{"start":{"line":39,"column":28},"end":{"line":39,"column":33}},"loc":{"start":{"line":39,"column":101},"end":{"line":48,"column":1}}},"4":{"name":"(anonymous_13)","decl":{"start":{"line":50,"column":28},"end":{"line":50,"column":33}},"loc":{"start":{"line":50,"column":101},"end":{"line":58,"column":1}}}},"branchMap":{"0":{"loc":{"start":{"line":29,"column":4},"end":{"line":32,"column":5}},"type":"if","locations":[{"start":{"line":29,"column":4},"end":{"line":32,"column":5}},{"start":{},"end":{}}]}},"s":{"0":1,"1":1,"2":1,"3":0,"4":0,"5":0,"6":0,"7":0,"8":1,"9":1,"10":0,"11":0,"12":0,"13":0,"14":1,"15":1,"16":0,"17":0,"18":0,"19":0,"20":0,"21":0,"22":0,"23":0,"24":1,"25":1,"26":0,"27":0,"28":0,"29":0,"30":0,"31":0,"32":1,"33":1,"34":0,"35":0,"36":0,"37":0,"38":0,"39":1},"f":{"0":0,"1":0,"2":0,"3":0,"4":0},"b":{"0":[0,0]}}
,"/Users/mahmoudmetwalli/Documents/mahmoud/gateway/backend/src/middlewares/validation.middleware.ts": {"path":"/Users/mahmoudmetwalli/Documents/mahmoud/gateway/backend/src/middlewares/validation.middleware.ts","statementMap":{"0":{"start":{"line":1,"column":0},"end":{"line":1,"column":34}},"1":{"start":{"line":4,"column":31},"end":{"line":46,"column":1}},"2":{"start":{"line":9,"column":2},"end":{"line":45,"column":4}},"3":{"start":{"line":10,"column":74},"end":{"line":10,"column":76}},"4":{"start":{"line":13,"column":4},"end":{"line":29,"column":7}},"5":{"start":{"line":14,"column":6},"end":{"line":28,"column":7}},"6":{"start":{"line":15,"column":8},"end":{"line":27,"column":9}},"7":{"start":{"line":16,"column":10},"end":{"line":16,"column":56}},"8":{"start":{"line":18,"column":10},"end":{"line":26,"column":11}},"9":{"start":{"line":19,"column":12},"end":{"line":25,"column":15}},"10":{"start":{"line":21,"column":49},"end":{"line":24,"column":16}},"11":{"start":{"line":31,"column":4},"end":{"line":42,"column":5}},"12":{"start":{"line":32,"column":24},"end":{"line":32,"column":61}},"13":{"start":{"line":32,"column":48},"end":{"line":32,"column":60}},"14":{"start":{"line":33,"column":6},"end":{"line":40,"column":9}},"15":{"start":{"line":35,"column":53},"end":{"line":39,"column":10}},"16":{"start":{"line":41,"column":6},"end":{"line":41,"column":13}},"17":{"start":{"line":44,"column":4},"end":{"line":44,"column":11}},"18":{"start":{"line":4,"column":13},"end":{"line":4,"column":31}},"19":{"start":{"line":49,"column":13},"end":{"line":51,"column":3}},"20":{"start":{"line":53,"column":13},"end":{"line":55,"column":3}}},"fnMap":{"0":{"name":"(anonymous_0)","decl":{"start":{"line":4,"column":31},"end":{"line":4,"column":32}},"loc":{"start":{"line":8,"column":5},"end":{"line":46,"column":1}}},"1":{"name":"(anonymous_1)","decl":{"start":{"line":9,"column":9},"end":{"line":9,"column":10}},"loc":{"start":{"line":9,"column":67},"end":{"line":45,"column":3}}},"2":{"name":"(anonymous_2)","decl":{"start":{"line":13,"column":36},"end":{"line":13,"column":37}},"loc":{"start":{"line":13,"column":57},"end":{"line":29,"column":5}}},"3":{"name":"(anonymous_3)","decl":{"start":{"line":21,"column":39},"end":{"line":21,"column":44}},"loc":{"start":{"line":21,"column":49},"end":{"line":24,"column":16}}},"4":{"name":"(anonymous_4)","decl":{"start":{"line":32,"column":39},"end":{"line":32,"column":44}},"loc":{"start":{"line":32,"column":48},"end":{"line":32,"column":60}}},"5":{"name":"(anonymous_5)","decl":{"start":{"line":35,"column":31},"end":{"line":35,"column":32}},"loc":{"start":{"line":35,"column":53},"end":{"line":39,"column":10}}}},"branchMap":{"0":{"loc":{"start":{"line":14,"column":6},"end":{"line":28,"column":7}},"type":"if","locations":[{"start":{"line":14,"column":6},"end":{"line":28,"column":7}},{"start":{},"end":{}}]},"1":{"loc":{"start":{"line":18,"column":10},"end":{"line":26,"column":11}},"type":"if","locations":[{"start":{"line":18,"column":10},"end":{"line":26,"column":11}},{"start":{},"end":{}}]},"2":{"loc":{"start":{"line":31,"column":4},"end":{"line":42,"column":5}},"type":"if","locations":[{"start":{"line":31,"column":4},"end":{"line":42,"column":5}},{"start":{},"end":{}}]}},"s":{"0":2,"1":2,"2":23,"3":19,"4":19,"5":21,"6":21,"7":21,"8":13,"9":13,"10":18,"11":19,"12":12,"13":13,"14":12,"15":18,"16":12,"17":7,"18":2,"19":2,"20":2},"f":{"0":23,"1":19,"2":21,"3":18,"4":13,"5":18},"b":{"0":[21,0],"1":[13,0],"2":[12,7]}}
,"/Users/mahmoudmetwalli/Documents/mahmoud/gateway/backend/src/repositories/device.repository.ts": {"path":"/Users/mahmoudmetwalli/Documents/mahmoud/gateway/backend/src/repositories/device.repository.ts","statementMap":{"0":{"start":{"line":5,"column":0},"end":{"line":5,"column":7}},"1":{"start":{"line":12,"column":0},"end":{"line":12,"column":7}},"2":{"start":{"line":31,"column":0},"end":{"line":31,"column":7}},"3":{"start":{"line":41,"column":0},"end":{"line":41,"column":7}},"4":{"start":{"line":52,"column":0},"end":{"line":52,"column":7}},"5":{"start":{"line":67,"column":0},"end":{"line":67,"column":7}},"6":{"start":{"line":71,"column":0},"end":{"line":71,"column":7}},"7":{"start":{"line":83,"column":0},"end":{"line":83,"column":7}},"8":{"start":{"line":94,"column":0},"end":{"line":94,"column":7}},"9":{"start":{"line":109,"column":0},"end":{"line":109,"column":7}},"10":{"start":{"line":1,"column":0},"end":{"line":1,"column":33}},"11":{"start":{"line":2,"column":0},"end":{"line":2,"column":35}},"12":{"start":{"line":3,"column":0},"end":{"line":3,"column":40}},"13":{"start":{"line":6,"column":17},"end":{"line":8,"column":4}},"14":{"start":{"line":9,"column":2},"end":{"line":9,"column":18}},"15":{"start":{"line":13,"column":2},"end":{"line":28,"column":3}},"16":{"start":{"line":14,"column":19},"end":{"line":20,"column":6}},"17":{"start":{"line":21,"column":4},"end":{"line":21,"column":18}},"18":{"start":{"line":23,"column":4},"end":{"line":27,"column":5}},"19":{"start":{"line":24,"column":6},"end":{"line":24,"column":58}},"20":{"start":{"line":26,"column":6},"end":{"line":26,"column":18}},"21":{"start":{"line":32,"column":18},"end":{"line":37,"column":4}},"22":{"start":{"line":38,"column":2},"end":{"line":38,"column":17}},"23":{"start":{"line":42,"column":17},"end":{"line":48,"column":4}},"24":{"start":{"line":49,"column":2},"end":{"line":49,"column":16}},"25":{"start":{"line":56,"column":17},"end":{"line":63,"column":4}},"26":{"start":{"line":64,"column":2},"end":{"line":64,"column":16}},"27":{"start":{"line":68,"column":2},"end":{"line":68,"column":59}},"28":{"start":{"line":72,"column":18},"end":{"line":79,"column":4}},"29":{"start":{"line":80,"column":2},"end":{"line":80,"column":17}},"30":{"start":{"line":86,"column":16},"end":{"line":90,"column":4}},"31":{"start":{"line":91,"column":2},"end":{"line":91,"column":15}},"32":{"start":{"line":98,"column":17},"end":{"line":105,"column":4}},"33":{"start":{"line":106,"column":2},"end":{"line":106,"column":16}},"34":{"start":{"line":110,"column":17},"end":{"line":116,"column":4}},"35":{"start":{"line":117,"column":2},"end":{"line":117,"column":16}}},"fnMap":{"0":{"name":"uidExists","decl":{"start":{"line":5,"column":22},"end":{"line":5,"column":31}},"loc":{"start":{"line":5,"column":43},"end":{"line":10,"column":1}}},"1":{"name":"createDevice","decl":{"start":{"line":12,"column":22},"end":{"line":12,"column":34}},"loc":{"start":{"line":12,"column":75},"end":{"line":29,"column":1}}},"2":{"name":"listDevices","decl":{"start":{"line":31,"column":22},"end":{"line":31,"column":33}},"loc":{"start":{"line":31,"column":33},"end":{"line":39,"column":1}}},"3":{"name":"getDeviceById","decl":{"start":{"line":41,"column":22},"end":{"line":41,"column":35}},"loc":{"start":{"line":41,"column":46},"end":{"line":50,"column":1}}},"4":{"name":"updateDevice","decl":{"start":{"line":52,"column":22},"end":{"line":52,"column":34}},"loc":{"start":{"line":54,"column":42},"end":{"line":65,"column":1}}},"5":{"name":"deleteDevice","decl":{"start":{"line":67,"column":22},"end":{"line":67,"column":34}},"loc":{"start":{"line":67,"column":45},"end":{"line":69,"column":1}}},"6":{"name":"getOrphanDevices","decl":{"start":{"line":71,"column":22},"end":{"line":71,"column":38}},"loc":{"start":{"line":71,"column":38},"end":{"line":81,"column":1}}},"7":{"name":"countDevicesInGateway","decl":{"start":{"line":83,"column":22},"end":{"line":83,"column":43}},"loc":{"start":{"line":84,"column":19},"end":{"line":92,"column":1}}},"8":{"name":"attachDeviceToGateway","decl":{"start":{"line":94,"column":22},"end":{"line":94,"column":43}},"loc":{"start":{"line":96,"column":19},"end":{"line":107,"column":1}}},"9":{"name":"detachDeviceFromGateway","decl":{"start":{"line":109,"column":22},"end":{"line":109,"column":45}},"loc":{"start":{"line":109,"column":62},"end":{"line":118,"column":1}}}},"branchMap":{"0":{"loc":{"start":{"line":23,"column":4},"end":{"line":27,"column":5}},"type":"if","locations":[{"start":{"line":23,"column":4},"end":{"line":27,"column":5}},{"start":{"line":25,"column":11},"end":{"line":27,"column":5}}]}},"s":{"0":1,"1":1,"2":1,"3":1,"4":1,"5":1,"6":1,"7":1,"8":1,"9":1,"10":1,"11":1,"12":1,"13":0,"14":0,"15":0,"16":0,"17":0,"18":0,"19":0,"20":0,"21":0,"22":0,"23":0,"24":0,"25":0,"26":0,"27":0,"28":0,"29":0,"30":0,"31":0,"32":0,"33":0,"34":0,"35":0},"f":{"0":0,"1":0,"2":0,"3":0,"4":0,"5":0,"6":0,"7":0,"8":0,"9":0},"b":{"0":[0,0]}}
,"/Users/mahmoudmetwalli/Documents/mahmoud/gateway/backend/src/repositories/deviceType.repository.ts": {"path":"/Users/mahmoudmetwalli/Documents/mahmoud/gateway/backend/src/repositories/deviceType.repository.ts","statementMap":{"0":{"start":{"line":4,"column":0},"end":{"line":4,"column":7}},"1":{"start":{"line":11,"column":0},"end":{"line":11,"column":7}},"2":{"start":{"line":16,"column":0},"end":{"line":16,"column":7}},"3":{"start":{"line":23,"column":0},"end":{"line":23,"column":7}},"4":{"start":{"line":31,"column":0},"end":{"line":31,"column":7}},"5":{"start":{"line":1,"column":0},"end":{"line":1,"column":35}},"6":{"start":{"line":2,"column":0},"end":{"line":2,"column":40}},"7":{"start":{"line":5,"column":21},"end":{"line":7,"column":4}},"8":{"start":{"line":8,"column":2},"end":{"line":8,"column":20}},"9":{"start":{"line":12,"column":22},"end":{"line":12,"column":56}},"10":{"start":{"line":13,"column":2},"end":{"line":13,"column":21}},"11":{"start":{"line":17,"column":21},"end":{"line":19,"column":4}},"12":{"start":{"line":20,"column":2},"end":{"line":20,"column":20}},"13":{"start":{"line":24,"column":21},"end":{"line":27,"column":4}},"14":{"start":{"line":28,"column":2},"end":{"line":28,"column":20}},"15":{"start":{"line":32,"column":2},"end":{"line":32,"column":53}}},"fnMap":{"0":{"name":"createDeviceType","decl":{"start":{"line":4,"column":22},"end":{"line":4,"column":38}},"loc":{"start":{"line":4,"column":73},"end":{"line":9,"column":1}}},"1":{"name":"listDeviceTypes","decl":{"start":{"line":11,"column":22},"end":{"line":11,"column":37}},"loc":{"start":{"line":11,"column":37},"end":{"line":14,"column":1}}},"2":{"name":"getDeviceTypeById","decl":{"start":{"line":16,"column":22},"end":{"line":16,"column":39}},"loc":{"start":{"line":16,"column":50},"end":{"line":21,"column":1}}},"3":{"name":"updateDeviceType","decl":{"start":{"line":23,"column":22},"end":{"line":23,"column":38}},"loc":{"start":{"line":23,"column":85},"end":{"line":29,"column":1}}},"4":{"name":"deleteDeviceType","decl":{"start":{"line":31,"column":22},"end":{"line":31,"column":38}},"loc":{"start":{"line":31,"column":49},"end":{"line":33,"column":1}}}},"branchMap":{},"s":{"0":1,"1":1,"2":1,"3":1,"4":1,"5":1,"6":1,"7":0,"8":0,"9":0,"10":0,"11":0,"12":0,"13":0,"14":0,"15":0},"f":{"0":0,"1":0,"2":0,"3":0,"4":0},"b":{}}
,"/Users/mahmoudmetwalli/Documents/mahmoud/gateway/backend/src/repositories/gateway.repository.ts": {"path":"/Users/mahmoudmetwalli/Documents/mahmoud/gateway/backend/src/repositories/gateway.repository.ts","statementMap":{"0":{"start":{"line":4,"column":0},"end":{"line":4,"column":7}},"1":{"start":{"line":13,"column":0},"end":{"line":13,"column":7}},"2":{"start":{"line":20,"column":0},"end":{"line":20,"column":7}},"3":{"start":{"line":39,"column":0},"end":{"line":39,"column":7}},"4":{"start":{"line":50,"column":0},"end":{"line":50,"column":7}},"5":{"start":{"line":65,"column":0},"end":{"line":65,"column":7}},"6":{"start":{"line":69,"column":0},"end":{"line":69,"column":7}},"7":{"start":{"line":79,"column":0},"end":{"line":79,"column":7}},"8":{"start":{"line":93,"column":0},"end":{"line":93,"column":7}},"9":{"start":{"line":101,"column":0},"end":{"line":101,"column":7}},"10":{"start":{"line":1,"column":0},"end":{"line":1,"column":35}},"11":{"start":{"line":2,"column":0},"end":{"line":2,"column":40}},"12":{"start":{"line":7,"column":18},"end":{"line":9,"column":4}},"13":{"start":{"line":10,"column":2},"end":{"line":10,"column":19}},"14":{"start":{"line":14,"column":18},"end":{"line":16,"column":4}},"15":{"start":{"line":17,"column":2},"end":{"line":17,"column":19}},"16":{"start":{"line":21,"column":2},"end":{"line":36,"column":3}},"17":{"start":{"line":22,"column":20},"end":{"line":28,"column":6}},"18":{"start":{"line":29,"column":4},"end":{"line":29,"column":19}},"19":{"start":{"line":31,"column":4},"end":{"line":35,"column":5}},"20":{"start":{"line":32,"column":6},"end":{"line":32,"column":42}},"21":{"start":{"line":34,"column":6},"end":{"line":34,"column":18}},"22":{"start":{"line":40,"column":18},"end":{"line":46,"column":4}},"23":{"start":{"line":47,"column":2},"end":{"line":47,"column":17}},"24":{"start":{"line":54,"column":18},"end":{"line":61,"column":4}},"25":{"start":{"line":62,"column":2},"end":{"line":62,"column":17}},"26":{"start":{"line":66,"column":2},"end":{"line":66,"column":50}},"27":{"start":{"line":70,"column":19},"end":{"line":75,"column":4}},"28":{"start":{"line":76,"column":2},"end":{"line":76,"column":18}},"29":{"start":{"line":84,"column":2},"end":{"line":90,"column":5}},"30":{"start":{"line":94,"column":15},"end":{"line":97,"column":4}},"31":{"start":{"line":98,"column":2},"end":{"line":98,"column":14}},"32":{"start":{"line":102,"column":15},"end":{"line":104,"column":4}},"33":{"start":{"line":107,"column":26},"end":{"line":130,"column":null}},"34":{"start":{"line":109,"column":22},"end":{"line":119,"column":8}},"35":{"start":{"line":121,"column":6},"end":{"line":129,"column":8}},"36":{"start":{"line":133,"column":2},"end":{"line":133,"column":25}}},"fnMap":{"0":{"name":"serialNumberExists","decl":{"start":{"line":4,"column":22},"end":{"line":4,"column":40}},"loc":{"start":{"line":5,"column":22},"end":{"line":11,"column":1}}},"1":{"name":"ipv4AddressExists","decl":{"start":{"line":13,"column":22},"end":{"line":13,"column":39}},"loc":{"start":{"line":13,"column":59},"end":{"line":18,"column":1}}},"2":{"name":"createGateway","decl":{"start":{"line":20,"column":22},"end":{"line":20,"column":35}},"loc":{"start":{"line":20,"column":67},"end":{"line":37,"column":1}}},"3":{"name":"getGatewayById","decl":{"start":{"line":39,"column":22},"end":{"line":39,"column":36}},"loc":{"start":{"line":39,"column":47},"end":{"line":48,"column":1}}},"4":{"name":"updateGateway","decl":{"start":{"line":50,"column":22},"end":{"line":50,"column":35}},"loc":{"start":{"line":52,"column":33},"end":{"line":63,"column":1}}},"5":{"name":"deleteGateway","decl":{"start":{"line":65,"column":22},"end":{"line":65,"column":35}},"loc":{"start":{"line":65,"column":46},"end":{"line":67,"column":1}}},"6":{"name":"listGateways","decl":{"start":{"line":69,"column":22},"end":{"line":69,"column":34}},"loc":{"start":{"line":69,"column":34},"end":{"line":77,"column":1}}},"7":{"name":"createGatewayLog","decl":{"start":{"line":79,"column":22},"end":{"line":79,"column":38}},"loc":{"start":{"line":82,"column":30},"end":{"line":91,"column":1}}},"8":{"name":"listGatewayLogs","decl":{"start":{"line":93,"column":22},"end":{"line":93,"column":37}},"loc":{"start":{"line":93,"column":55},"end":{"line":99,"column":1}}},"9":{"name":"listAllLogs","decl":{"start":{"line":101,"column":22},"end":{"line":101,"column":33}},"loc":{"start":{"line":101,"column":33},"end":{"line":134,"column":1}}},"10":{"name":"(anonymous_10)","decl":{"start":{"line":108,"column":13},"end":{"line":108,"column":18}},"loc":{"start":{"line":108,"column":27},"end":{"line":130,"column":5}}}},"branchMap":{"0":{"loc":{"start":{"line":31,"column":4},"end":{"line":35,"column":5}},"type":"if","locations":[{"start":{"line":31,"column":4},"end":{"line":35,"column":5}},{"start":{"line":33,"column":11},"end":{"line":35,"column":5}}]},"1":{"loc":{"start":{"line":123,"column":17},"end":{"line":128,"column":16}},"type":"cond-expr","locations":[{"start":{"line":123,"column":27},"end":{"line":128,"column":10}},{"start":{"line":128,"column":12},"end":{"line":128,"column":16}}]}},"s":{"0":1,"1":1,"2":1,"3":1,"4":1,"5":1,"6":1,"7":1,"8":1,"9":1,"10":1,"11":1,"12":0,"13":0,"14":0,"15":0,"16":0,"17":0,"18":0,"19":0,"20":0,"21":0,"22":0,"23":0,"24":0,"25":0,"26":0,"27":0,"28":0,"29":0,"30":0,"31":0,"32":0,"33":0,"34":0,"35":0,"36":0},"f":{"0":0,"1":0,"2":0,"3":0,"4":0,"5":0,"6":0,"7":0,"8":0,"9":0,"10":0},"b":{"0":[0,0],"1":[0,0]}}
,"/Users/mahmoudmetwalli/Documents/mahmoud/gateway/backend/src/repositories/tenant.repository.ts": {"path":"/Users/mahmoudmetwalli/Documents/mahmoud/gateway/backend/src/repositories/tenant.repository.ts","statementMap":{"0":{"start":{"line":4,"column":0},"end":{"line":4,"column":7}},"1":{"start":{"line":9,"column":0},"end":{"line":9,"column":7}},"2":{"start":{"line":17,"column":0},"end":{"line":17,"column":7}},"3":{"start":{"line":22,"column":0},"end":{"line":22,"column":7}},"4":{"start":{"line":26,"column":0},"end":{"line":26,"column":7}},"5":{"start":{"line":1,"column":0},"end":{"line":1,"column":36}},"6":{"start":{"line":2,"column":0},"end":{"line":2,"column":40}},"7":{"start":{"line":5,"column":17},"end":{"line":5,"column":53}},"8":{"start":{"line":6,"column":2},"end":{"line":6,"column":16}},"9":{"start":{"line":10,"column":17},"end":{"line":13,"column":4}},"10":{"start":{"line":14,"column":2},"end":{"line":14,"column":16}},"11":{"start":{"line":18,"column":17},"end":{"line":18,"column":68}},"12":{"start":{"line":19,"column":2},"end":{"line":19,"column":16}},"13":{"start":{"line":23,"column":2},"end":{"line":23,"column":49}},"14":{"start":{"line":27,"column":18},"end":{"line":29,"column":4}},"15":{"start":{"line":30,"column":2},"end":{"line":30,"column":17}}},"fnMap":{"0":{"name":"createTenant","decl":{"start":{"line":4,"column":22},"end":{"line":4,"column":34}},"loc":{"start":{"line":4,"column":65},"end":{"line":7,"column":1}}},"1":{"name":"getTenantById","decl":{"start":{"line":9,"column":22},"end":{"line":9,"column":35}},"loc":{"start":{"line":9,"column":46},"end":{"line":15,"column":1}}},"2":{"name":"updateTenant","decl":{"start":{"line":17,"column":22},"end":{"line":17,"column":34}},"loc":{"start":{"line":17,"column":77},"end":{"line":20,"column":1}}},"3":{"name":"deleteTenant","decl":{"start":{"line":22,"column":22},"end":{"line":22,"column":34}},"loc":{"start":{"line":22,"column":45},"end":{"line":24,"column":1}}},"4":{"name":"listTenants","decl":{"start":{"line":26,"column":22},"end":{"line":26,"column":33}},"loc":{"start":{"line":26,"column":33},"end":{"line":31,"column":1}}}},"branchMap":{},"s":{"0":1,"1":1,"2":1,"3":1,"4":1,"5":1,"6":1,"7":0,"8":0,"9":0,"10":0,"11":0,"12":0,"13":0,"14":0,"15":0},"f":{"0":0,"1":0,"2":0,"3":0,"4":0},"b":{}}
,"/Users/mahmoudmetwalli/Documents/mahmoud/gateway/backend/src/routers/device.router.ts": {"path":"/Users/mahmoudmetwalli/Documents/mahmoud/gateway/backend/src/routers/device.router.ts","statementMap":{"0":{"start":{"line":1,"column":0},"end":{"line":1,"column":33}},"1":{"start":{"line":2,"column":0},"end":{"line":2,"column":71}},"2":{"start":{"line":3,"column":0},"end":{"line":3,"column":102}},"3":{"start":{"line":4,"column":0},"end":{"line":4,"column":69}},"4":{"start":{"line":6,"column":15},"end":{"line":6,"column":23}},"5":{"start":{"line":26,"column":0},"end":{"line":26,"column":58}},"6":{"start":{"line":52,"column":0},"end":{"line":55,"column":2}},"7":{"start":{"line":75,"column":0},"end":{"line":75,"column":46}},"8":{"start":{"line":103,"column":0},"end":{"line":103,"column":51}},"9":{"start":{"line":139,"column":0},"end":{"line":142,"column":2}},"10":{"start":{"line":166,"column":0},"end":{"line":166,"column":53}},"11":{"start":{"line":168,"column":0},"end":{"line":168,"column":22}}},"fnMap":{},"branchMap":{},"s":{"0":1,"1":1,"2":1,"3":1,"4":1,"5":1,"6":1,"7":1,"8":1,"9":1,"10":1,"11":1},"f":{},"b":{}}
,"/Users/mahmoudmetwalli/Documents/mahmoud/gateway/backend/src/routers/deviceType.router.ts": {"path":"/Users/mahmoudmetwalli/Documents/mahmoud/gateway/backend/src/routers/deviceType.router.ts","statementMap":{"0":{"start":{"line":1,"column":0},"end":{"line":1,"column":33}},"1":{"start":{"line":2,"column":0},"end":{"line":2,"column":71}},"2":{"start":{"line":3,"column":0},"end":{"line":3,"column":94}},"3":{"start":{"line":4,"column":0},"end":{"line":4,"column":77}},"4":{"start":{"line":6,"column":15},"end":{"line":6,"column":23}},"5":{"start":{"line":32,"column":0},"end":{"line":35,"column":2}},"6":{"start":{"line":55,"column":0},"end":{"line":55,"column":54}},"7":{"start":{"line":83,"column":0},"end":{"line":83,"column":59}},"8":{"start":{"line":119,"column":0},"end":{"line":122,"column":2}},"9":{"start":{"line":146,"column":0},"end":{"line":146,"column":61}},"10":{"start":{"line":148,"column":0},"end":{"line":148,"column":22}}},"fnMap":{},"branchMap":{},"s":{"0":1,"1":1,"2":1,"3":1,"4":1,"5":1,"6":1,"7":1,"8":1,"9":1,"10":1},"f":{},"b":{}}
,"/Users/mahmoudmetwalli/Documents/mahmoud/gateway/backend/src/routers/geteway.router.ts": {"path":"/Users/mahmoudmetwalli/Documents/mahmoud/gateway/backend/src/routers/geteway.router.ts","statementMap":{"0":{"start":{"line":1,"column":0},"end":{"line":1,"column":33}},"1":{"start":{"line":2,"column":0},"end":{"line":2,"column":71}},"2":{"start":{"line":3,"column":0},"end":{"line":3,"column":85}},"3":{"start":{"line":4,"column":0},"end":{"line":4,"column":87}},"4":{"start":{"line":5,"column":0},"end":{"line":5,"column":71}},"5":{"start":{"line":6,"column":0},"end":{"line":6,"column":24}},"6":{"start":{"line":8,"column":15},"end":{"line":8,"column":23}},"7":{"start":{"line":34,"column":0},"end":{"line":37,"column":2}},"8":{"start":{"line":57,"column":0},"end":{"line":57,"column":48}},"9":{"start":{"line":98,"column":0},"end":{"line":98,"column":51}},"10":{"start":{"line":126,"column":0},"end":{"line":126,"column":53}},"11":{"start":{"line":162,"column":0},"end":{"line":165,"column":2}},"12":{"start":{"line":189,"column":0},"end":{"line":189,"column":55}},"13":{"start":{"line":232,"column":0},"end":{"line":235,"column":2}},"14":{"start":{"line":270,"column":0},"end":{"line":270,"column":72}},"15":{"start":{"line":300,"column":0},"end":{"line":303,"column":2}},"16":{"start":{"line":305,"column":0},"end":{"line":305,"column":22}}},"fnMap":{},"branchMap":{},"s":{"0":1,"1":1,"2":1,"3":1,"4":1,"5":1,"6":1,"7":1,"8":1,"9":1,"10":1,"11":1,"12":1,"13":1,"14":1,"15":1,"16":1},"f":{},"b":{}}
,"/Users/mahmoudmetwalli/Documents/mahmoud/gateway/backend/src/routers/tenant.router.ts": {"path":"/Users/mahmoudmetwalli/Documents/mahmoud/gateway/backend/src/routers/tenant.router.ts","statementMap":{"0":{"start":{"line":1,"column":0},"end":{"line":1,"column":33}},"1":{"start":{"line":3,"column":0},"end":{"line":3,"column":71}},"2":{"start":{"line":4,"column":0},"end":{"line":4,"column":82}},"3":{"start":{"line":5,"column":0},"end":{"line":5,"column":71}},"4":{"start":{"line":6,"column":0},"end":{"line":6,"column":69}},"5":{"start":{"line":7,"column":15},"end":{"line":7,"column":23}},"6":{"start":{"line":27,"column":0},"end":{"line":27,"column":46}},"7":{"start":{"line":53,"column":0},"end":{"line":53,"column":95}},"8":{"start":{"line":81,"column":0},"end":{"line":81,"column":51}},"9":{"start":{"line":117,"column":0},"end":{"line":117,"column":99}},"10":{"start":{"line":141,"column":0},"end":{"line":141,"column":53}},"11":{"start":{"line":143,"column":0},"end":{"line":143,"column":22}}},"fnMap":{},"branchMap":{},"s":{"0":1,"1":1,"2":1,"3":1,"4":1,"5":1,"6":1,"7":1,"8":1,"9":1,"10":1,"11":1},"f":{},"b":{}}
,"/Users/mahmoudmetwalli/Documents/mahmoud/gateway/backend/src/schemas/device.schema.ts": {"path":"/Users/mahmoudmetwalli/Documents/mahmoud/gateway/backend/src/schemas/device.schema.ts","statementMap":{"0":{"start":{"line":1,"column":0},"end":{"line":1,"column":24}},"1":{"start":{"line":4,"column":13},"end":{"line":13,"column":3}},"2":{"start":{"line":16,"column":13},"end":{"line":22,"column":3}},"3":{"start":{"line":25,"column":13},"end":{"line":30,"column":13}}},"fnMap":{},"branchMap":{},"s":{"0":1,"1":1,"2":1,"3":1},"f":{},"b":{}}
,"/Users/mahmoudmetwalli/Documents/mahmoud/gateway/backend/src/schemas/deviceType.schema.ts": {"path":"/Users/mahmoudmetwalli/Documents/mahmoud/gateway/backend/src/schemas/deviceType.schema.ts","statementMap":{"0":{"start":{"line":1,"column":0},"end":{"line":1,"column":24}},"1":{"start":{"line":4,"column":13},"end":{"line":8,"column":3}},"2":{"start":{"line":11,"column":13},"end":{"line":14,"column":3}},"3":{"start":{"line":17,"column":13},"end":{"line":20,"column":13}}},"fnMap":{},"branchMap":{},"s":{"0":1,"1":1,"2":1,"3":1},"f":{},"b":{}}
,"/Users/mahmoudmetwalli/Documents/mahmoud/gateway/backend/src/schemas/gateway.schema.ts": {"path":"/Users/mahmoudmetwalli/Documents/mahmoud/gateway/backend/src/schemas/gateway.schema.ts","statementMap":{"0":{"start":{"line":1,"column":0},"end":{"line":1,"column":24}},"1":{"start":{"line":6,"column":13},"end":{"line":16,"column":3}},"2":{"start":{"line":19,"column":13},"end":{"line":26,"column":3}},"3":{"start":{"line":28,"column":13},"end":{"line":33,"column":13}}},"fnMap":{},"branchMap":{},"s":{"0":1,"1":1,"2":1,"3":1},"f":{},"b":{}}
,"/Users/mahmoudmetwalli/Documents/mahmoud/gateway/backend/src/schemas/miscellaneous.schema.ts": {"path":"/Users/mahmoudmetwalli/Documents/mahmoud/gateway/backend/src/schemas/miscellaneous.schema.ts","statementMap":{"0":{"start":{"line":1,"column":0},"end":{"line":1,"column":24}},"1":{"start":{"line":3,"column":13},"end":{"line":5,"column":3}},"2":{"start":{"line":7,"column":13},"end":{"line":9,"column":3}},"3":{"start":{"line":11,"column":13},"end":{"line":13,"column":3}}},"fnMap":{},"branchMap":{},"s":{"0":1,"1":1,"2":1,"3":1},"f":{},"b":{}}
,"/Users/mahmoudmetwalli/Documents/mahmoud/gateway/backend/src/schemas/tenant.schema.ts": {"path":"/Users/mahmoudmetwalli/Documents/mahmoud/gateway/backend/src/schemas/tenant.schema.ts","statementMap":{"0":{"start":{"line":1,"column":0},"end":{"line":1,"column":24}},"1":{"start":{"line":4,"column":13},"end":{"line":9,"column":3}},"2":{"start":{"line":12,"column":13},"end":{"line":15,"column":3}},"3":{"start":{"line":18,"column":13},"end":{"line":21,"column":13}}},"fnMap":{},"branchMap":{},"s":{"0":1,"1":1,"2":1,"3":1},"f":{},"b":{}}
,"/Users/mahmoudmetwalli/Documents/mahmoud/gateway/backend/src/utils/serializer.ts": {"path":"/Users/mahmoudmetwalli/Documents/mahmoud/gateway/backend/src/utils/serializer.ts","statementMap":{"0":{"start":{"line":11,"column":0},"end":{"line":11,"column":16}},"1":{"start":{"line":53,"column":0},"end":{"line":53,"column":16}},"2":{"start":{"line":12,"column":2},"end":{"line":14,"column":3}},"3":{"start":{"line":13,"column":4},"end":{"line":13,"column":15}},"4":{"start":{"line":17,"column":2},"end":{"line":19,"column":3}},"5":{"start":{"line":18,"column":4},"end":{"line":18,"column":34}},"6":{"start":{"line":21,"column":2},"end":{"line":31,"column":3}},"7":{"start":{"line":24,"column":4},"end":{"line":28,"column":5}},"8":{"start":{"line":26,"column":27},"end":{"line":26,"column":46}},"9":{"start":{"line":27,"column":6},"end":{"line":27,"column":55}},"10":{"start":{"line":30,"column":4},"end":{"line":30,"column":28}},"11":{"start":{"line":33,"column":2},"end":{"line":35,"column":3}},"12":{"start":{"line":34,"column":4},"end":{"line":34,"column":49}},"13":{"start":{"line":34,"column":27},"end":{"line":34,"column":42}},"14":{"start":{"line":37,"column":2},"end":{"line":45,"column":3}},"15":{"start":{"line":38,"column":28},"end":{"line":38,"column":30}},"16":{"start":{"line":39,"column":4},"end":{"line":43,"column":5}},"17":{"start":{"line":40,"column":6},"end":{"line":42,"column":7}},"18":{"start":{"line":41,"column":8},"end":{"line":41,"column":46}},"19":{"start":{"line":44,"column":4},"end":{"line":44,"column":22}},"20":{"start":{"line":47,"column":2},"end":{"line":47,"column":13}},"21":{"start":{"line":54,"column":2},"end":{"line":56,"column":3}},"22":{"start":{"line":55,"column":4},"end":{"line":55,"column":28}},"23":{"start":{"line":57,"column":2},"end":{"line":59,"column":3}},"24":{"start":{"line":58,"column":4},"end":{"line":58,"column":31}},"25":{"start":{"line":60,"column":2},"end":{"line":60,"column":15}}},"fnMap":{"0":{"name":"serialize","decl":{"start":{"line":11,"column":16},"end":{"line":11,"column":25}},"loc":{"start":{"line":11,"column":35},"end":{"line":48,"column":1}}},"1":{"name":"(anonymous_1)","decl":{"start":{"line":34,"column":19},"end":{"line":34,"column":23}},"loc":{"start":{"line":34,"column":27},"end":{"line":34,"column":42}}},"2":{"name":"bigIntReplacer","decl":{"start":{"line":53,"column":16},"end":{"line":53,"column":30}},"loc":{"start":{"line":53,"column":54},"end":{"line":61,"column":1}}}},"branchMap":{"0":{"loc":{"start":{"line":12,"column":2},"end":{"line":14,"column":3}},"type":"if","locations":[{"start":{"line":12,"column":2},"end":{"line":14,"column":3}},{"start":{},"end":{}}]},"1":{"loc":{"start":{"line":12,"column":6},"end":{"line":12,"column":39}},"type":"binary-expr","locations":[{"start":{"line":12,"column":6},"end":{"line":12,"column":18}},{"start":{"line":12,"column":22},"end":{"line":12,"column":39}}]},"2":{"loc":{"start":{"line":17,"column":2},"end":{"line":19,"column":3}},"type":"if","locations":[{"start":{"line":17,"column":2},"end":{"line":19,"column":3}},{"start":{},"end":{}}]},"3":{"loc":{"start":{"line":21,"column":2},"end":{"line":31,"column":3}},"type":"if","locations":[{"start":{"line":21,"column":2},"end":{"line":31,"column":3}},{"start":{},"end":{}}]},"4":{"loc":{"start":{"line":24,"column":4},"end":{"line":28,"column":5}},"type":"if","locations":[{"start":{"line":24,"column":4},"end":{"line":28,"column":5}},{"start":{},"end":{}}]},"5":{"loc":{"start":{"line":33,"column":2},"end":{"line":35,"column":3}},"type":"if","locations":[{"start":{"line":33,"column":2},"end":{"line":35,"column":3}},{"start":{},"end":{}}]},"6":{"loc":{"start":{"line":37,"column":2},"end":{"line":45,"column":3}},"type":"if","locations":[{"start":{"line":37,"column":2},"end":{"line":45,"column":3}},{"start":{},"end":{}}]},"7":{"loc":{"start":{"line":40,"column":6},"end":{"line":42,"column":7}},"type":"if","locations":[{"start":{"line":40,"column":6},"end":{"line":42,"column":7}},{"start":{},"end":{}}]},"8":{"loc":{"start":{"line":54,"column":2},"end":{"line":56,"column":3}},"type":"if","locations":[{"start":{"line":54,"column":2},"end":{"line":56,"column":3}},{"start":{},"end":{}}]},"9":{"loc":{"start":{"line":57,"column":2},"end":{"line":59,"column":3}},"type":"if","locations":[{"start":{"line":57,"column":2},"end":{"line":59,"column":3}},{"start":{},"end":{}}]}},"s":{"0":1,"1":1,"2":164,"3":8,"4":156,"5":0,"6":156,"7":0,"8":0,"9":0,"10":0,"11":156,"12":6,"13":6,"14":150,"15":22,"16":22,"17":151,"18":151,"19":22,"20":128,"21":0,"22":0,"23":0,"24":0,"25":0},"f":{"0":164,"1":6,"2":0},"b":{"0":[8,156],"1":[164,156],"2":[0,156],"3":[0,156],"4":[0,0],"5":[6,150],"6":[22,128],"7":[151,0],"8":[0,0],"9":[0,0]}}
}
