TN:
SF:src/app.ts
FN:27,(anonymous_1)
FN:32,(anonymous_2)
FN:53,(anonymous_3)
FNF:3
FNH:0
FNDA:0,(anonymous_1)
FNDA:0,(anonymous_2)
FNDA:0,(anonymous_3)
DA:1,1
DA:2,1
DA:4,1
DA:5,1
DA:6,1
DA:9,1
DA:10,1
DA:11,1
DA:12,1
DA:14,1
DA:18,1
DA:19,1
DA:20,1
DA:21,1
DA:24,1
DA:27,1
DA:28,0
DA:32,1
DA:33,0
DA:47,1
DA:48,1
DA:49,1
DA:50,1
DA:53,1
DA:54,0
DA:57,1
LF:26
LH:23
BRF:0
BRH:0
end_of_record
TN:
SF:src/config/database.ts
FN:21,(anonymous_0)
FNF:1
FNH:0
FNDA:0,(anonymous_0)
DA:1,3
DA:9,3
DA:10,0
DA:12,3
DA:13,1
DA:15,3
DA:21,3
DA:22,0
LF:8
LH:6
BRDA:9,0,0,0
BRDA:9,0,1,3
BRDA:12,1,0,1
BRDA:12,1,1,2
BRF:4
BRH:3
end_of_record
TN:
SF:src/config/index.ts
FNF:0
FNH:0
DA:1,3
DA:2,3
LF:2
LH:2
BRF:0
BRH:0
end_of_record
TN:
SF:src/config/port.ts
FNF:0
FNH:0
DA:1,3
DA:3,3
DA:4,3
LF:3
LH:3
BRDA:4,0,0,3
BRDA:4,0,1,0
BRF:2
BRH:1
end_of_record
TN:
SF:src/config/swagger.ts
FNF:0
FNH:0
DA:1,1
DA:3,1
DA:5,1
DA:479,1
DA:487,1
LF:5
LH:5
BRF:0
BRH:0
end_of_record
TN:
SF:src/controllers/device.controller.ts
FN:6,(anonymous_9)
FN:39,(anonymous_10)
FN:48,(anonymous_11)
FN:64,(anonymous_12)
FN:94,(anonymous_13)
FN:112,(anonymous_14)
FNF:6
FNH:0
FNDA:0,(anonymous_9)
FNDA:0,(anonymous_10)
FNDA:0,(anonymous_11)
FNDA:0,(anonymous_12)
FNDA:0,(anonymous_13)
FNDA:0,(anonymous_14)
DA:2,1
DA:4,1
DA:6,1
DA:7,0
DA:8,0
DA:11,0
DA:12,0
DA:13,0
DA:14,0
DA:18,0
DA:32,0
DA:33,0
DA:35,0
DA:39,1
DA:40,0
DA:41,0
DA:42,0
DA:44,0
DA:48,1
DA:49,0
DA:50,0
DA:51,0
DA:53,0
DA:54,0
DA:55,0
DA:58,0
DA:60,0
DA:64,1
DA:65,0
DA:66,0
DA:67,0
DA:70,0
DA:71,0
DA:72,0
DA:73,0
DA:77,0
DA:78,0
DA:79,0
DA:80,0
DA:81,0
DA:82,0
DA:87,0
DA:88,0
DA:90,0
DA:94,1
DA:95,0
DA:96,0
DA:99,0
DA:100,0
DA:101,0
DA:102,0
DA:105,0
DA:106,0
DA:108,0
DA:112,1
DA:113,0
DA:114,0
DA:115,0
DA:117,0
LF:59
LH:8
BRDA:12,0,0,0
BRDA:12,0,1,0
BRDA:25,1,0,0
BRDA:25,1,1,0
BRDA:53,2,0,0
BRDA:53,2,1,0
BRDA:71,3,0,0
BRDA:71,3,1,0
BRDA:78,4,0,0
BRDA:78,4,1,0
BRDA:79,5,0,0
BRDA:79,5,1,0
BRDA:80,6,0,0
BRDA:80,6,1,0
BRDA:81,7,0,0
BRDA:81,7,1,0
BRDA:100,8,0,0
BRDA:100,8,1,0
BRF:18
BRH:0
end_of_record
TN:
SF:src/controllers/deviceType.controller.ts
FN:5,(anonymous_9)
FN:22,(anonymous_10)
FN:30,(anonymous_11)
FN:46,(anonymous_12)
FN:70,(anonymous_13)
FNF:5
FNH:0
FNDA:0,(anonymous_9)
FNDA:0,(anonymous_10)
FNDA:0,(anonymous_11)
FNDA:0,(anonymous_12)
FNDA:0,(anonymous_13)
DA:3,1
DA:5,1
DA:6,0
DA:7,0
DA:10,0
DA:15,0
DA:16,0
DA:18,0
DA:22,1
DA:23,0
DA:24,0
DA:25,0
DA:27,0
DA:30,1
DA:31,0
DA:32,0
DA:33,0
DA:35,0
DA:36,0
DA:37,0
DA:40,0
DA:42,0
DA:46,1
DA:47,0
DA:48,0
DA:49,0
DA:52,0
DA:53,0
DA:54,0
DA:55,0
DA:59,0
DA:60,0
DA:61,0
DA:63,0
DA:64,0
DA:66,0
DA:70,1
DA:71,0
DA:72,0
DA:75,0
DA:76,0
DA:77,0
DA:78,0
DA:81,0
DA:82,0
DA:84,0
LF:46
LH:6
BRDA:35,0,0,0
BRDA:35,0,1,0
BRDA:53,1,0,0
BRDA:53,1,1,0
BRDA:60,2,0,0
BRDA:60,2,1,0
BRDA:61,3,0,0
BRDA:61,3,1,0
BRDA:76,4,0,0
BRDA:76,4,1,0
BRF:10
BRH:0
end_of_record
TN:
SF:src/controllers/gateway.controller.ts
FN:7,(anonymous_9)
FN:51,(anonymous_10)
FN:60,(anonymous_11)
FN:76,(anonymous_12)
FN:116,(anonymous_13)
FN:140,(anonymous_14)
FN:187,(anonymous_15)
FN:225,(anonymous_16)
FN:243,(anonymous_17)
FNF:9
FNH:7
FNDA:1,(anonymous_9)
FNDA:1,(anonymous_10)
FNDA:1,(anonymous_11)
FNDA:2,(anonymous_12)
FNDA:2,(anonymous_13)
FNDA:1,(anonymous_14)
FNDA:3,(anonymous_15)
FNDA:0,(anonymous_16)
FNDA:0,(anonymous_17)
DA:3,1
DA:4,1
DA:5,1
DA:7,1
DA:8,1
DA:9,1
DA:12,1
DA:13,1
DA:14,0
DA:15,0
DA:19,1
DA:20,1
DA:21,0
DA:22,0
DA:26,1
DA:37,1
DA:39,1
DA:45,1
DA:47,0
DA:51,1
DA:52,1
DA:53,1
DA:54,1
DA:56,0
DA:60,1
DA:61,1
DA:62,1
DA:63,1
DA:65,1
DA:66,0
DA:67,0
DA:70,1
DA:72,0
DA:76,1
DA:77,2
DA:78,2
DA:79,2
DA:82,2
DA:83,2
DA:84,1
DA:85,1
DA:89,1
DA:90,0
DA:91,0
DA:92,0
DA:93,0
DA:98,1
DA:99,1
DA:100,1
DA:101,1
DA:102,1
DA:104,1
DA:106,1
DA:110,1
DA:112,0
DA:116,1
DA:117,2
DA:118,2
DA:121,2
DA:122,2
DA:123,1
DA:124,1
DA:128,1
DA:133,1
DA:134,1
DA:136,0
DA:140,1
DA:141,1
DA:142,1
DA:143,1
DA:146,1
DA:147,1
DA:148,0
DA:149,0
DA:153,1
DA:154,1
DA:155,0
DA:156,0
DA:160,1
DA:161,1
DA:162,0
DA:163,0
DA:167,1
DA:168,0
DA:169,0
DA:172,1
DA:175,1
DA:181,1
DA:183,0
DA:187,1
DA:188,3
DA:189,3
DA:192,3
DA:193,3
DA:194,1
DA:195,1
DA:199,2
DA:200,2
DA:201,1
DA:202,1
DA:205,1
DA:206,0
DA:207,0
DA:210,1
DA:213,1
DA:219,1
DA:221,0
DA:225,1
DA:226,0
DA:227,0
DA:230,0
DA:231,0
DA:232,0
DA:233,0
DA:236,0
DA:237,0
DA:239,0
DA:243,1
DA:244,0
DA:245,0
DA:246,0
DA:248,0
LF:122
LH:82
BRDA:13,0,0,0
BRDA:13,0,1,1
BRDA:20,1,0,0
BRDA:20,1,1,1
BRDA:31,2,0,1
BRDA:31,2,1,1
BRDA:65,3,0,0
BRDA:65,3,1,1
BRDA:83,4,0,1
BRDA:83,4,1,1
BRDA:89,5,0,0
BRDA:89,5,1,1
BRDA:89,6,0,1
BRDA:89,6,1,1
BRDA:91,7,0,0
BRDA:91,7,1,0
BRDA:99,8,0,1
BRDA:99,8,1,0
BRDA:100,9,0,1
BRDA:100,9,1,0
BRDA:101,10,0,1
BRDA:101,10,1,0
BRDA:102,11,0,1
BRDA:102,11,1,0
BRDA:122,12,0,1
BRDA:122,12,1,1
BRDA:147,13,0,0
BRDA:147,13,1,1
BRDA:154,14,0,0
BRDA:154,14,1,1
BRDA:161,15,0,0
BRDA:161,15,1,1
BRDA:167,16,0,0
BRDA:167,16,1,1
BRDA:167,17,0,1
BRDA:167,17,1,0
BRDA:193,18,0,1
BRDA:193,18,1,2
BRDA:200,19,0,1
BRDA:200,19,1,1
BRDA:205,20,0,0
BRDA:205,20,1,1
BRDA:231,21,0,0
BRDA:231,21,1,0
BRF:44
BRH:26
end_of_record
TN:
SF:src/controllers/tenant.controller.ts
FN:6,(anonymous_9)
FN:16,(anonymous_10)
FN:25,(anonymous_11)
FN:39,(anonymous_12)
FN:50,(anonymous_13)
FNF:5
FNH:0
FNDA:0,(anonymous_9)
FNDA:0,(anonymous_10)
FNDA:0,(anonymous_11)
FNDA:0,(anonymous_12)
FNDA:0,(anonymous_13)
DA:3,1
DA:4,1
DA:6,1
DA:7,0
DA:8,0
DA:9,0
DA:10,0
DA:12,0
DA:16,1
DA:17,0
DA:18,0
DA:19,0
DA:21,0
DA:25,1
DA:26,0
DA:27,0
DA:28,0
DA:29,0
DA:30,0
DA:31,0
DA:33,0
DA:35,0
DA:39,1
DA:40,0
DA:41,0
DA:42,0
DA:43,0
DA:44,0
DA:46,0
DA:50,1
DA:51,0
DA:52,0
DA:53,0
DA:54,0
DA:56,0
LF:35
LH:7
BRDA:29,0,0,0
BRDA:29,0,1,0
BRF:2
BRH:0
end_of_record
TN:
SF:src/middlewares/validation.middleware.ts
FN:4,(anonymous_0)
FN:9,(anonymous_1)
FN:13,(anonymous_2)
FN:21,(anonymous_3)
FN:32,(anonymous_4)
FN:35,(anonymous_5)
FNF:6
FNH:6
FNDA:23,(anonymous_0)
FNDA:19,(anonymous_1)
FNDA:21,(anonymous_2)
FNDA:18,(anonymous_3)
FNDA:13,(anonymous_4)
FNDA:18,(anonymous_5)
DA:1,2
DA:4,2
DA:9,23
DA:10,19
DA:13,19
DA:14,21
DA:15,21
DA:16,21
DA:18,13
DA:19,13
DA:21,18
DA:31,19
DA:32,13
DA:33,12
DA:35,18
DA:41,12
DA:44,7
DA:49,2
DA:53,2
LF:19
LH:19
BRDA:14,0,0,21
BRDA:14,0,1,0
BRDA:18,1,0,13
BRDA:18,1,1,0
BRDA:31,2,0,12
BRDA:31,2,1,7
BRF:6
BRH:4
end_of_record
TN:
SF:src/repositories/device.repository.ts
FN:5,uidExists
FN:12,createDevice
FN:31,listDevices
FN:41,getDeviceById
FN:52,updateDevice
FN:67,deleteDevice
FN:71,getOrphanDevices
FN:83,countDevicesInGateway
FN:94,attachDeviceToGateway
FN:109,detachDeviceFromGateway
FNF:10
FNH:0
FNDA:0,uidExists
FNDA:0,createDevice
FNDA:0,listDevices
FNDA:0,getDeviceById
FNDA:0,updateDevice
FNDA:0,deleteDevice
FNDA:0,getOrphanDevices
FNDA:0,countDevicesInGateway
FNDA:0,attachDeviceToGateway
FNDA:0,detachDeviceFromGateway
DA:1,1
DA:2,1
DA:3,1
DA:5,1
DA:6,0
DA:9,0
DA:12,1
DA:13,0
DA:14,0
DA:21,0
DA:23,0
DA:24,0
DA:26,0
DA:31,1
DA:32,0
DA:38,0
DA:41,1
DA:42,0
DA:49,0
DA:52,1
DA:56,0
DA:64,0
DA:67,1
DA:68,0
DA:71,1
DA:72,0
DA:80,0
DA:83,1
DA:86,0
DA:91,0
DA:94,1
DA:98,0
DA:106,0
DA:109,1
DA:110,0
DA:117,0
LF:36
LH:13
BRDA:23,0,0,0
BRDA:23,0,1,0
BRF:2
BRH:0
end_of_record
TN:
SF:src/repositories/deviceType.repository.ts
FN:4,createDeviceType
FN:11,listDeviceTypes
FN:16,getDeviceTypeById
FN:23,updateDeviceType
FN:31,deleteDeviceType
FNF:5
FNH:0
FNDA:0,createDeviceType
FNDA:0,listDeviceTypes
FNDA:0,getDeviceTypeById
FNDA:0,updateDeviceType
FNDA:0,deleteDeviceType
DA:1,1
DA:2,1
DA:4,1
DA:5,0
DA:8,0
DA:11,1
DA:12,0
DA:13,0
DA:16,1
DA:17,0
DA:20,0
DA:23,1
DA:24,0
DA:28,0
DA:31,1
DA:32,0
LF:16
LH:7
BRF:0
BRH:0
end_of_record
TN:
SF:src/repositories/gateway.repository.ts
FN:4,serialNumberExists
FN:13,ipv4AddressExists
FN:20,createGateway
FN:39,getGatewayById
FN:50,updateGateway
FN:65,deleteGateway
FN:69,listGateways
FN:79,createGatewayLog
FN:93,listGatewayLogs
FN:101,listAllLogs
FN:108,(anonymous_10)
FNF:11
FNH:0
FNDA:0,serialNumberExists
FNDA:0,ipv4AddressExists
FNDA:0,createGateway
FNDA:0,getGatewayById
FNDA:0,updateGateway
FNDA:0,deleteGateway
FNDA:0,listGateways
FNDA:0,createGatewayLog
FNDA:0,listGatewayLogs
FNDA:0,listAllLogs
FNDA:0,(anonymous_10)
DA:1,1
DA:2,1
DA:4,1
DA:7,0
DA:10,0
DA:13,1
DA:14,0
DA:17,0
DA:20,1
DA:21,0
DA:22,0
DA:29,0
DA:31,0
DA:32,0
DA:34,0
DA:39,1
DA:40,0
DA:47,0
DA:50,1
DA:54,0
DA:62,0
DA:65,1
DA:66,0
DA:69,1
DA:70,0
DA:76,0
DA:79,1
DA:84,0
DA:93,1
DA:94,0
DA:98,0
DA:101,1
DA:102,0
DA:107,0
DA:109,0
DA:121,0
DA:133,0
LF:37
LH:12
BRDA:31,0,0,0
BRDA:31,0,1,0
BRDA:123,1,0,0
BRDA:123,1,1,0
BRF:4
BRH:0
end_of_record
TN:
SF:src/repositories/tenant.repository.ts
FN:4,createTenant
FN:9,getTenantById
FN:17,updateTenant
FN:22,deleteTenant
FN:26,listTenants
FNF:5
FNH:0
FNDA:0,createTenant
FNDA:0,getTenantById
FNDA:0,updateTenant
FNDA:0,deleteTenant
FNDA:0,listTenants
DA:1,1
DA:2,1
DA:4,1
DA:5,0
DA:6,0
DA:9,1
DA:10,0
DA:14,0
DA:17,1
DA:18,0
DA:19,0
DA:22,1
DA:23,0
DA:26,1
DA:27,0
DA:30,0
LF:16
LH:7
BRF:0
BRH:0
end_of_record
TN:
SF:src/routers/device.router.ts
FNF:0
FNH:0
DA:1,1
DA:2,1
DA:3,1
DA:4,1
DA:6,1
DA:26,1
DA:52,1
DA:75,1
DA:103,1
DA:139,1
DA:166,1
DA:168,1
LF:12
LH:12
BRF:0
BRH:0
end_of_record
TN:
SF:src/routers/deviceType.router.ts
FNF:0
FNH:0
DA:1,1
DA:2,1
DA:3,1
DA:4,1
DA:6,1
DA:32,1
DA:55,1
DA:83,1
DA:119,1
DA:146,1
DA:148,1
LF:11
LH:11
BRF:0
BRH:0
end_of_record
TN:
SF:src/routers/geteway.router.ts
FNF:0
FNH:0
DA:1,1
DA:2,1
DA:3,1
DA:4,1
DA:5,1
DA:6,1
DA:8,1
DA:34,1
DA:57,1
DA:98,1
DA:126,1
DA:162,1
DA:189,1
DA:232,1
DA:270,1
DA:300,1
DA:305,1
LF:17
LH:17
BRF:0
BRH:0
end_of_record
TN:
SF:src/routers/tenant.router.ts
FNF:0
FNH:0
DA:1,1
DA:3,1
DA:4,1
DA:5,1
DA:6,1
DA:7,1
DA:27,1
DA:53,1
DA:81,1
DA:117,1
DA:141,1
DA:143,1
LF:12
LH:12
BRF:0
BRH:0
end_of_record
TN:
SF:src/schemas/device.schema.ts
FNF:0
FNH:0
DA:1,1
DA:4,1
DA:16,1
DA:25,1
LF:4
LH:4
BRF:0
BRH:0
end_of_record
TN:
SF:src/schemas/deviceType.schema.ts
FNF:0
FNH:0
DA:1,1
DA:4,1
DA:11,1
DA:17,1
LF:4
LH:4
BRF:0
BRH:0
end_of_record
TN:
SF:src/schemas/gateway.schema.ts
FNF:0
FNH:0
DA:1,1
DA:6,1
DA:19,1
DA:28,1
LF:4
LH:4
BRF:0
BRH:0
end_of_record
TN:
SF:src/schemas/miscellaneous.schema.ts
FNF:0
FNH:0
DA:1,1
DA:3,1
DA:7,1
DA:11,1
LF:4
LH:4
BRF:0
BRH:0
end_of_record
TN:
SF:src/schemas/tenant.schema.ts
FNF:0
FNH:0
DA:1,1
DA:4,1
DA:12,1
DA:18,1
LF:4
LH:4
BRF:0
BRH:0
end_of_record
TN:
SF:src/utils/serializer.ts
FN:11,serialize
FN:34,(anonymous_1)
FN:53,bigIntReplacer
FNF:3
FNH:2
FNDA:164,serialize
FNDA:6,(anonymous_1)
FNDA:0,bigIntReplacer
DA:11,1
DA:12,164
DA:13,8
DA:17,156
DA:18,0
DA:21,156
DA:24,0
DA:26,0
DA:27,0
DA:30,0
DA:33,156
DA:34,6
DA:37,150
DA:38,22
DA:39,22
DA:40,151
DA:41,151
DA:44,22
DA:47,128
DA:53,1
DA:54,0
DA:55,0
DA:57,0
DA:58,0
DA:60,0
LF:25
LH:15
BRDA:12,0,0,8
BRDA:12,0,1,156
BRDA:12,1,0,164
BRDA:12,1,1,156
BRDA:17,2,0,0
BRDA:17,2,1,156
BRDA:21,3,0,0
BRDA:21,3,1,156
BRDA:24,4,0,0
BRDA:24,4,1,0
BRDA:33,5,0,6
BRDA:33,5,1,150
BRDA:37,6,0,22
BRDA:37,6,1,128
BRDA:40,7,0,151
BRDA:40,7,1,0
BRDA:54,8,0,0
BRDA:54,8,1,0
BRDA:57,9,0,0
BRDA:57,9,1,0
BRF:20
BRH:11
end_of_record
